#
# There is insufficient memory for the Java Runtime Environment to continue.
# Native memory allocation (mmap) failed to map 7340032 bytes for G1 virtual space
# Possible reasons:
#   The system is out of physical RAM or swap space
#   The process is running with CompressedOops enabled, and the Java Heap may be blocking the growth of the native heap
# Possible solutions:
#   Reduce memory load on the system
#   Increase physical memory or swap space
#   Check if swap backing store is full
#   Decrease Java heap size (-Xmx/-Xms)
#   Decrease number of Java threads
#   Decrease Java thread stack sizes (-Xss)
#   Set larger code cache with -XX:ReservedCodeCacheSize=
#   JVM is running with Unscaled Compressed Oops mode in which the Java heap is
#     placed in the first 4GB address space. The Java Heap base address is the
#     maximum limit for the native heap growth. Please use -XX:HeapBaseMinAddress
#     to set the Java Heap base and to place the Java Heap above 4GB virtual address.
# This output file may be truncated or incomplete.
#
#  Out of Memory Error (os_windows.cpp:3530), pid=2232, tid=9116
#
# JRE version: Java(TM) SE Runtime Environment (18.0.1.1+2) (build 18.0.1.1+2-6)
# Java VM: Java HotSpot(TM) 64-Bit Server VM (18.0.1.1+2-6, mixed mode, emulated-client, sharing, tiered, compressed oops, compressed class ptrs, g1 gc, windows-amd64)
# No core dump will be written. Minidumps are not enabled by default on client versions of Windows
#

---------------  S U M M A R Y ------------

Command Line: -Dcom.sun.management.jmxremote -Dcom.sun.management.jmxremote.port=52227 -Dcom.sun.management.jmxremote.authenticate=false -Dcom.sun.management.jmxremote.ssl=false -Djava.rmi.server.hostname=localhost -Dspring.jmx.enabled=true -Dspring.liveBeansView.mbeanDomain -Dspring.application.admin.enabled=true -XX:TieredStopAtLevel=1 -Dspring.boot.project.name=demo-2 -Dfile.encoding=UTF-8 -XX:+ShowCodeDetailsInExceptionMessages com.example.demo.Demo2Application --spring.output.ansi.enabled=always

Host: Intel(R) Celeron(R) CPU  N3050  @ 1.60GHz, 2 cores, 1G,  Windows 10 , 64 bit Build 19041 (10.0.19041.1741)
Time: Tue Jun 28 15:59:54 2022  Windows 10 , 64 bit Build 19041 (10.0.19041.1741) elapsed time: 12.652769 seconds (0d 0h 0m 12s)

---------------  T H R E A D  ---------------

Current thread (0x000001dbc8d19140):  VMThread "VM Thread" [stack: 0x0000006eac800000,0x0000006eac900000] [id=9116]

Stack: [0x0000006eac800000,0x0000006eac900000]
Native frames: (J=compiled Java code, j=interpreted, Vv=VM code, C=native code)
V  [jvm.dll+0x69887a]
V  [jvm.dll+0x7f38bd]
V  [jvm.dll+0x7f51ce]
V  [jvm.dll+0x7f5883]
V  [jvm.dll+0x25ca3f]
V  [jvm.dll+0x6957c9]
V  [jvm.dll+0x68a2fa]
V  [jvm.dll+0x321efb]
V  [jvm.dll+0x3298d6]
V  [jvm.dll+0x37e47e]
V  [jvm.dll+0x37e6af]
V  [jvm.dll+0x2f9c7a]
V  [jvm.dll+0x2f9d27]
V  [jvm.dll+0x33e262]
V  [jvm.dll+0x33c804]
V  [jvm.dll+0x2fd1e7]
V  [jvm.dll+0x34e196]
V  [jvm.dll+0x7fa66b]
V  [jvm.dll+0x7fb404]
V  [jvm.dll+0x7fb93c]
V  [jvm.dll+0x7fbd94]
V  [jvm.dll+0x7fbe57]
V  [jvm.dll+0x7a03ea]
V  [jvm.dll+0x697725]
C  [ucrtbase.dll+0x21bb2]
C  [KERNEL32.DLL+0x17034]
C  [ntdll.dll+0x52651]

VM_Operation (0x0000006eac2fd6b0): CollectForMetadataAllocation, mode: safepoint, requested by thread 0x000001dbc8b5bfa0


---------------  P R O C E S S  ---------------

Threads class SMR info:
_java_thread_list=0x000001dbdd5b5bd0, length=15, elements={
0x000001dbc8b5bfa0, 0x000001dbc8d1c3f0, 0x000001dbc8d1dc00, 0x000001dbd85641d0,
0x000001dbd8564a80, 0x000001dbd8566340, 0x000001dbd8566bf0, 0x000001dbd85674a0,
0x000001dbd859c970, 0x000001dbc8d0a6a0, 0x000001dbd8651d40, 0x000001dbd867d4c0,
0x000001dbdcb730f0, 0x000001dbdcb7ac80, 0x000001dbdcbdb450
}

Java Threads: ( => current thread )
  0x000001dbc8b5bfa0 JavaThread "main" [_thread_blocked, id=8028, stack(0x0000006eac200000,0x0000006eac300000)]
  0x000001dbc8d1c3f0 JavaThread "Reference Handler" daemon [_thread_blocked, id=9280, stack(0x0000006eac900000,0x0000006eaca00000)]
  0x000001dbc8d1dc00 JavaThread "Finalizer" daemon [_thread_blocked, id=8860, stack(0x0000006eaca00000,0x0000006eacb00000)]
  0x000001dbd85641d0 JavaThread "Signal Dispatcher" daemon [_thread_blocked, id=2260, stack(0x0000006eacb00000,0x0000006eacc00000)]
  0x000001dbd8564a80 JavaThread "Attach Listener" daemon [_thread_blocked, id=7396, stack(0x0000006eacc00000,0x0000006eacd00000)]
  0x000001dbd8566340 JavaThread "Service Thread" daemon [_thread_blocked, id=9812, stack(0x0000006eacd00000,0x0000006eace00000)]
  0x000001dbd8566bf0 JavaThread "Monitor Deflation Thread" daemon [_thread_blocked, id=3396, stack(0x0000006eace00000,0x0000006eacf00000)]
  0x000001dbd85674a0 JavaThread "C1 CompilerThread0" daemon [_thread_blocked, id=9432, stack(0x0000006eacf00000,0x0000006ead000000)]
  0x000001dbd859c970 JavaThread "Sweeper thread" daemon [_thread_blocked, id=4336, stack(0x0000006ead000000,0x0000006ead100000)]
  0x000001dbc8d0a6a0 JavaThread "Common-Cleaner" daemon [_thread_blocked, id=5136, stack(0x0000006ead100000,0x0000006ead200000)]
  0x000001dbd8651d40 JavaThread "C1 CompilerThread1" daemon [_thread_blocked, id=8272, stack(0x0000006ead200000,0x0000006ead300000)]
  0x000001dbd867d4c0 JavaThread "Notification Thread" daemon [_thread_blocked, id=5768, stack(0x0000006ead300000,0x0000006ead400000)]
  0x000001dbdcb730f0 JavaThread "RMI TCP Accept-0" daemon [_thread_in_native, id=4340, stack(0x0000006ead500000,0x0000006ead600000)]
  0x000001dbdcb7ac80 JavaThread "RMI TCP Accept-52227" daemon [_thread_in_native, id=6504, stack(0x0000006ead600000,0x0000006ead700000)]
  0x000001dbdcbdb450 JavaThread "RMI TCP Accept-0" daemon [_thread_in_native, id=3484, stack(0x0000006ead700000,0x0000006ead800000)]

Other Threads:
=>0x000001dbc8d19140 VMThread "VM Thread" [stack: 0x0000006eac800000,0x0000006eac900000] [id=9116]
  0x000001dbc8b5d150 WatcherThread "VM Periodic Task Thread" [stack: 0x0000006ead800000,0x0000006ead900000] [id=8284]
  0x000001dbc8c9a620 WorkerThread "GC Thread#0" [stack: 0x0000006eac300000,0x0000006eac400000] [id=4944]
  0x000001dbdca47310 WorkerThread "GC Thread#1" [stack: 0x0000006ead400000,0x0000006ead500000] [id=9760]
  0x000001dbc8ca01b0 ConcurrentGCThread "G1 Main Marker" [stack: 0x0000006eac400000,0x0000006eac500000] [id=6712]
  0x000001dbc8ca1250 WorkerThread "G1 Conc#0" [stack: 0x0000006eac500000,0x0000006eac600000] [id=7544]
  0x000001dbc8cb81d0 ConcurrentGCThread "G1 Refine#0" [stack: 0x0000006eac600000,0x0000006eac700000] [id=8640]
  0x000001dbc8cb9190 ConcurrentGCThread "G1 Service" [stack: 0x0000006eac700000,0x0000006eac800000] [id=9400]

Threads with active compile tasks:

VM state: at safepoint (normal execution)

VM Mutex/Monitor currently owned by a thread:  ([mutex/lock_event])
[0x000001dbc8c6a3e0] Threads_lock - owner thread: 0x000001dbc8d19140
[0x000001dbc8c6b5e0] Heap_lock - owner thread: 0x000001dbc8b5bfa0

Heap address: 0x00000000e1600000, size: 490 MB, Compressed Oops mode: 32-bit

CDS archive(s) mapped at: [0x0000000800000000-0x0000000800ba0000-0x0000000800ba0000), size 12189696, SharedBaseAddress: 0x0000000800000000, ArchiveRelocationMode: 0.
Compressed class space mapped at: 0x0000000800c00000-0x0000000840c00000, reserved size: 1073741824
Narrow klass base: 0x0000000800000000, Narrow klass shift: 0, Narrow klass range: 0x100000000

GC Precious Log:
 CardTable entry size: 512
 Card Set container configuration: InlinePtr #cards 5 size 8 Array Of Cards #cards 12 size 40 Howl #buckets 4 coarsen threshold 1843 Howl Bitmap #cards 512 size 80 coarsen threshold 460 Card regions per heap region 1 cards per card region 2048
 CPUs: 2 total, 2 available
 Memory: 1954M
 Large Page Support: Disabled
 NUMA Support: Disabled
 Compressed Oops: Enabled (32-bit)
 Heap Region Size: 1M
 Heap Min Capacity: 8M
 Heap Initial Capacity: 32M
 Heap Max Capacity: 490M
 Pre-touch: Disabled
 Parallel Workers: 2
 Concurrent Workers: 1
 Concurrent Refinement Workers: 2
 Periodic GC: Disabled

Heap:
 garbage-first heap   total 32768K, used 10514K [0x00000000e1600000, 0x0000000100000000)
  region size 1024K, 1 young (1024K), 1 survivors (1024K)
 Metaspace       used 21232K, committed 21504K, reserved 1114112K
  class space    used 2835K, committed 2944K, reserved 1048576K

Heap Regions: E=young(eden), S=young(survivor), O=old, HS=humongous(starts), HC=humongous(continues), CS=collection set, F=free, OA=open archive, CA=closed archive, TAMS=top-at-mark-start (previous, next)
|   0|0x00000000e1600000, 0x00000000e1700000, 0x00000000e1700000|100%| O|  |TAMS 0x00000000e1600000, 0x00000000e1700000| Untracked 
|   1|0x00000000e1700000, 0x00000000e1800000, 0x00000000e1800000|100%| O|  |TAMS 0x00000000e1700000, 0x00000000e1800000| Untracked 
|   2|0x00000000e1800000, 0x00000000e1900000, 0x00000000e1900000|100%| O|  |TAMS 0x00000000e1800000, 0x00000000e1900000| Untracked 
|   3|0x00000000e1900000, 0x00000000e1a00000, 0x00000000e1a00000|100%| O|  |TAMS 0x00000000e1900000, 0x00000000e1a00000| Untracked 
|   4|0x00000000e1a00000, 0x00000000e1b00000, 0x00000000e1b00000|100%| O|  |TAMS 0x00000000e1a00000, 0x00000000e1b00000| Untracked 
|   5|0x00000000e1b00000, 0x00000000e1c00000, 0x00000000e1c00000|100%| O|  |TAMS 0x00000000e1b00000, 0x00000000e1c00000| Untracked 
|   6|0x00000000e1c00000, 0x00000000e1d00000, 0x00000000e1d00000|100%| O|  |TAMS 0x00000000e1c00000, 0x00000000e1d00000| Untracked 
|   7|0x00000000e1d00000, 0x00000000e1e00000, 0x00000000e1e00000|100%| O|  |TAMS 0x00000000e1d00000, 0x00000000e1e00000| Untracked 
|   8|0x00000000e1e00000, 0x00000000e1f00000, 0x00000000e1f00000|100%| O|  |TAMS 0x00000000e1e00000, 0x00000000e1e0f800| Untracked 
|   9|0x00000000e1f00000, 0x00000000e1fab000, 0x00000000e2000000| 66%| O|  |TAMS 0x00000000e1f00000, 0x00000000e1f00000| Untracked 
|  10|0x00000000e2000000, 0x00000000e2000000, 0x00000000e2100000|  0%| F|  |TAMS 0x00000000e2000000, 0x00000000e2000000| Untracked 
|  11|0x00000000e2100000, 0x00000000e2100000, 0x00000000e2200000|  0%| F|  |TAMS 0x00000000e2100000, 0x00000000e2100000| Untracked 
|  12|0x00000000e2200000, 0x00000000e2200000, 0x00000000e2300000|  0%| F|  |TAMS 0x00000000e2200000, 0x00000000e2200000| Untracked 
|  13|0x00000000e2300000, 0x00000000e2300000, 0x00000000e2400000|  0%| F|  |TAMS 0x00000000e2300000, 0x00000000e2300000| Untracked 
|  14|0x00000000e2400000, 0x00000000e2400000, 0x00000000e2500000|  0%| F|  |TAMS 0x00000000e2400000, 0x00000000e2400000| Untracked 
|  15|0x00000000e2500000, 0x00000000e2500000, 0x00000000e2600000|  0%| F|  |TAMS 0x00000000e2500000, 0x00000000e2500000| Untracked 
|  16|0x00000000e2600000, 0x00000000e2600000, 0x00000000e2700000|  0%| F|  |TAMS 0x00000000e2600000, 0x00000000e2600000| Untracked 
|  17|0x00000000e2700000, 0x00000000e2700000, 0x00000000e2800000|  0%| F|  |TAMS 0x00000000e2700000, 0x00000000e2700000| Untracked 
|  18|0x00000000e2800000, 0x00000000e2800000, 0x00000000e2900000|  0%| F|  |TAMS 0x00000000e2800000, 0x00000000e2800000| Untracked 
|  19|0x00000000e2900000, 0x00000000e2900000, 0x00000000e2a00000|  0%| F|  |TAMS 0x00000000e2900000, 0x00000000e2900000| Untracked 
|  20|0x00000000e2a00000, 0x00000000e2a00000, 0x00000000e2b00000|  0%| F|  |TAMS 0x00000000e2a00000, 0x00000000e2a00000| Untracked 
|  21|0x00000000e2b00000, 0x00000000e2b00000, 0x00000000e2c00000|  0%| F|  |TAMS 0x00000000e2b00000, 0x00000000e2b00000| Untracked 
|  22|0x00000000e2c00000, 0x00000000e2c00000, 0x00000000e2d00000|  0%| F|  |TAMS 0x00000000e2c00000, 0x00000000e2c00000| Untracked 
|  23|0x00000000e2d00000, 0x00000000e2d00000, 0x00000000e2e00000|  0%| F|  |TAMS 0x00000000e2d00000, 0x00000000e2d00000| Untracked 
|  24|0x00000000e2e00000, 0x00000000e2e00000, 0x00000000e2f00000|  0%| F|  |TAMS 0x00000000e2e00000, 0x00000000e2e00000| Untracked 
|  25|0x00000000e2f00000, 0x00000000e2f00000, 0x00000000e3000000|  0%| F|  |TAMS 0x00000000e2f00000, 0x00000000e2f00000| Untracked 
|  26|0x00000000e3000000, 0x00000000e3000000, 0x00000000e3100000|  0%| F|  |TAMS 0x00000000e3000000, 0x00000000e3000000| Untracked 
|  27|0x00000000e3100000, 0x00000000e3199820, 0x00000000e3200000| 59%| S|CS|TAMS 0x00000000e3100000, 0x00000000e3100000| Complete 
|  28|0x00000000e3200000, 0x00000000e3200000, 0x00000000e3300000|  0%| F|  |TAMS 0x00000000e3200000, 0x00000000e3200000| Untracked 
|  29|0x00000000e3300000, 0x00000000e3300000, 0x00000000e3400000|  0%| F|  |TAMS 0x00000000e3300000, 0x00000000e3300000| Untracked 
|  30|0x00000000e3400000, 0x00000000e3400000, 0x00000000e3500000|  0%| F|  |TAMS 0x00000000e3400000, 0x00000000e3400000| Untracked 
|  31|0x00000000e3500000, 0x00000000e3500000, 0x00000000e3600000|  0%| F|  |TAMS 0x00000000e3500000, 0x00000000e3500000| Untracked 

Card table byte_map: [0x000001dbd5100000,0x000001dbd5200000] _byte_map_base: 0x000001dbd49f5000

Marking Bits (Prev, Next): (CMBitMap*) 0x000001dbc8c9bb40, (CMBitMap*) 0x000001dbc8c9bb80
 Prev Bits: [0x000001dbd5300000, 0x000001dbd5aa8000)
 Next Bits: [0x000001dbd5ab0000, 0x000001dbd6258000)

Polling page: 0x000001dbc8a30000

Metaspace:

Usage:
  Non-class:     17.97 MB used.
      Class:      2.77 MB used.
       Both:     20.73 MB used.

Virtual space:
  Non-class space:       64.00 MB reserved,      18.12 MB ( 28%) committed,  1 nodes.
      Class space:        1.00 GB reserved,       2.88 MB ( <1%) committed,  1 nodes.
             Both:        1.06 GB reserved,      21.00 MB (  2%) committed. 

Chunk freelists:
   Non-Class:  1.25 MB
       Class:  1.06 MB
        Both:  2.31 MB

MaxMetaspaceSize: unlimited
CompressedClassSpaceSize: 1.00 GB
Initial GC threshold: 21.00 MB
Current GC threshold: 21.00 MB
CDS: on
MetaspaceReclaimPolicy: balanced
 - commit_granule_bytes: 65536.
 - commit_granule_words: 8192.
 - virtual_space_node_default_size: 8388608.
 - enlarge_chunks_in_place: 1.
 - new_chunks_are_fully_committed: 0.
 - uncommit_free_chunks: 1.
 - use_allocation_guard: 0.


Internal statistics:

num_allocs_failed_limit: 3.
num_arena_births: 346.
num_arena_deaths: 0.
num_vsnodes_births: 2.
num_vsnodes_deaths: 0.
num_space_committed: 336.
num_space_uncommitted: 0.
num_chunks_returned_to_freelist: 3.
num_chunks_taken_from_freelist: 993.
num_chunk_merges: 3.
num_chunk_splits: 705.
num_chunks_enlarged: 555.
num_inconsistent_stats: 0.

CodeCache: size=49152Kb used=6383Kb max_used=6383Kb free=42768Kb
 bounds [0x000001dbd1dd0000, 0x000001dbd2410000, 0x000001dbd4dd0000]
 total_blobs=3490 nmethods=3008 adapters=408
 compilation: enabled
              stopped_count=0, restarted_count=0
 full_count=0

Compilation events (20 events):
Event: 12.454 Thread 0x000001dbd8651d40 2999       1       java.nio.ByteBuffer::arrayOffset (35 bytes)
Event: 12.454 Thread 0x000001dbd8651d40 nmethod 2999 0x000001dbd2408590 code [0x000001dbd2408740, 0x000001dbd2408918]
Event: 12.501 Thread 0x000001dbd8651d40 3000   !   1       java.util.logging.LogManager::ensureLogManagerInitialized (144 bytes)
Event: 12.503 Thread 0x000001dbd8651d40 nmethod 3000 0x000001dbd2408a10 code [0x000001dbd2408c60, 0x000001dbd2409268]
Event: 12.514 Thread 0x000001dbd8651d40 3001       1       java.nio.CharBuffer::arrayOffset (35 bytes)
Event: 12.514 Thread 0x000001dbd8651d40 nmethod 3001 0x000001dbd2409690 code [0x000001dbd2409840, 0x000001dbd2409a18]
Event: 12.564 Thread 0x000001dbd8651d40 3002       1       java.nio.ByteBuffer::array (35 bytes)
Event: 12.564 Thread 0x000001dbd8651d40 nmethod 3002 0x000001dbd2409b10 code [0x000001dbd2409cc0, 0x000001dbd2409e98]
Event: 12.564 Thread 0x000001dbd85674a0 3003       1       java.nio.charset.CoderResult::isOverflow (14 bytes)
Event: 12.565 Thread 0x000001dbd85674a0 nmethod 3003 0x000001dbd2409f90 code [0x000001dbd240a120, 0x000001dbd240a1f8]
Event: 12.616 Thread 0x000001dbd85674a0 3004   !   1       java.nio.charset.CharsetDecoder::decode (275 bytes)
Event: 12.616 Thread 0x000001dbd8651d40 3005       1       java.nio.CharBuffer::position (6 bytes)
Event: 12.617 Thread 0x000001dbd8651d40 nmethod 3005 0x000001dbd240a290 code [0x000001dbd240a420, 0x000001dbd240a508]
Event: 12.619 Thread 0x000001dbd85674a0 nmethod 3004 0x000001dbd240a590 code [0x000001dbd240a7c0, 0x000001dbd240adc8]
Event: 12.619 Thread 0x000001dbd85674a0 3006       1       java.lang.String::lastIndexOf (10 bytes)
Event: 12.619 Thread 0x000001dbd8651d40 3007       1       java.lang.String::lastIndexOf (18 bytes)
Event: 12.620 Thread 0x000001dbd8651d40 nmethod 3007 0x000001dbd240b110 code [0x000001dbd240b2a0, 0x000001dbd240b3a8]
Event: 12.620 Thread 0x000001dbd8651d40 3008       1       java.lang.String::lastIndexOf (104 bytes)
Event: 12.620 Thread 0x000001dbd85674a0 nmethod 3006 0x000001dbd240b490 code [0x000001dbd240b620, 0x000001dbd240b748]
Event: 12.620 Thread 0x000001dbd8651d40 nmethod 3008 0x000001dbd240b810 code [0x000001dbd240b9e0, 0x000001dbd240bc08]

GC Heap History (17 events):
Event: 3.098 GC heap before
{Heap before GC invocations=0 (full 0):
 garbage-first heap   total 32768K, used 5120K [0x00000000e1600000, 0x0000000100000000)
  region size 1024K, 6 young (6144K), 0 survivors (0K)
 Metaspace       used 2353K, committed 2496K, reserved 1114112K
  class space    used 271K, committed 320K, reserved 1048576K
}
Event: 3.114 GC heap after
{Heap after GC invocations=1 (full 0):
 garbage-first heap   total 32768K, used 3071K [0x00000000e1600000, 0x0000000100000000)
  region size 1024K, 1 young (1024K), 1 survivors (1024K)
 Metaspace       used 2353K, committed 2496K, reserved 1114112K
  class space    used 271K, committed 320K, reserved 1048576K
}
Event: 4.409 GC heap before
{Heap before GC invocations=1 (full 0):
 garbage-first heap   total 32768K, used 6143K [0x00000000e1600000, 0x0000000100000000)
  region size 1024K, 4 young (4096K), 1 survivors (1024K)
 Metaspace       used 4783K, committed 4992K, reserved 1114112K
  class space    used 559K, committed 640K, reserved 1048576K
}
Event: 4.420 GC heap after
{Heap after GC invocations=2 (full 0):
 garbage-first heap   total 32768K, used 3939K [0x00000000e1600000, 0x0000000100000000)
  region size 1024K, 1 young (1024K), 1 survivors (1024K)
 Metaspace       used 4783K, committed 4992K, reserved 1114112K
  class space    used 559K, committed 640K, reserved 1048576K
}
Event: 5.390 GC heap before
{Heap before GC invocations=2 (full 0):
 garbage-first heap   total 32768K, used 10083K [0x00000000e1600000, 0x0000000100000000)
  region size 1024K, 8 young (8192K), 1 survivors (1024K)
 Metaspace       used 6843K, committed 7040K, reserved 1114112K
  class space    used 831K, committed 896K, reserved 1048576K
}
Event: 5.401 GC heap after
{Heap after GC invocations=3 (full 0):
 garbage-first heap   total 32768K, used 5010K [0x00000000e1600000, 0x0000000100000000)
  region size 1024K, 1 young (1024K), 1 survivors (1024K)
 Metaspace       used 6843K, committed 7040K, reserved 1114112K
  class space    used 831K, committed 896K, reserved 1048576K
}
Event: 6.902 GC heap before
{Heap before GC invocations=3 (full 0):
 garbage-first heap   total 32768K, used 14226K [0x00000000e1600000, 0x0000000100000000)
  region size 1024K, 11 young (11264K), 1 survivors (1024K)
 Metaspace       used 9279K, committed 9536K, reserved 1114112K
  class space    used 1224K, committed 1344K, reserved 1048576K
}
Event: 6.914 GC heap after
{Heap after GC invocations=4 (full 0):
 garbage-first heap   total 32768K, used 5976K [0x00000000e1600000, 0x0000000100000000)
  region size 1024K, 2 young (2048K), 2 survivors (2048K)
 Metaspace       used 9279K, committed 9536K, reserved 1114112K
  class space    used 1224K, committed 1344K, reserved 1048576K
}
Event: 8.073 GC heap before
{Heap before GC invocations=4 (full 0):
 garbage-first heap   total 32768K, used 18264K [0x00000000e1600000, 0x0000000100000000)
  region size 1024K, 15 young (15360K), 2 survivors (2048K)
 Metaspace       used 12956K, committed 13248K, reserved 1114112K
  class space    used 1649K, committed 1792K, reserved 1048576K
}
Event: 8.095 GC heap after
{Heap after GC invocations=5 (full 0):
 garbage-first heap   total 32768K, used 6519K [0x00000000e1600000, 0x0000000100000000)
  region size 1024K, 2 young (2048K), 2 survivors (2048K)
 Metaspace       used 12956K, committed 13248K, reserved 1114112K
  class space    used 1649K, committed 1792K, reserved 1048576K
}
Event: 9.364 GC heap before
{Heap before GC invocations=5 (full 0):
 garbage-first heap   total 32768K, used 19831K [0x00000000e1600000, 0x0000000100000000)
  region size 1024K, 16 young (16384K), 2 survivors (2048K)
 Metaspace       used 16250K, committed 16448K, reserved 1114112K
  class space    used 2107K, committed 2176K, reserved 1048576K
}
Event: 9.380 GC heap after
{Heap after GC invocations=6 (full 0):
 garbage-first heap   total 32768K, used 7613K [0x00000000e1600000, 0x0000000100000000)
  region size 1024K, 2 young (2048K), 2 survivors (2048K)
 Metaspace       used 16250K, committed 16448K, reserved 1114112K
  class space    used 2107K, committed 2176K, reserved 1048576K
}
Event: 10.810 GC heap before
{Heap before GC invocations=6 (full 0):
 garbage-first heap   total 32768K, used 21949K [0x00000000e1600000, 0x0000000100000000)
  region size 1024K, 16 young (16384K), 2 survivors (2048K)
 Metaspace       used 17717K, committed 17984K, reserved 1114112K
  class space    used 2311K, committed 2432K, reserved 1048576K
}
Event: 10.822 GC heap after
{Heap after GC invocations=7 (full 0):
 garbage-first heap   total 32768K, used 8520K [0x00000000e1600000, 0x0000000100000000)
  region size 1024K, 2 young (2048K), 2 survivors (2048K)
 Metaspace       used 17717K, committed 17984K, reserved 1114112K
  class space    used 2311K, committed 2432K, reserved 1048576K
}
Event: 12.294 GC heap before
{Heap before GC invocations=7 (full 0):
 garbage-first heap   total 32768K, used 22856K [0x00000000e1600000, 0x0000000100000000)
  region size 1024K, 16 young (16384K), 2 survivors (2048K)
 Metaspace       used 20414K, committed 20736K, reserved 1114112K
  class space    used 2732K, committed 2880K, reserved 1048576K
}
Event: 12.313 GC heap after
{Heap after GC invocations=8 (full 0):
 garbage-first heap   total 32768K, used 9941K [0x00000000e1600000, 0x0000000100000000)
  region size 1024K, 2 young (2048K), 2 survivors (2048K)
 Metaspace       used 20414K, committed 20736K, reserved 1114112K
  class space    used 2732K, committed 2880K, reserved 1048576K
}
Event: 12.626 GC heap before
{Heap before GC invocations=8 (full 0):
 garbage-first heap   total 32768K, used 13013K [0x00000000e1600000, 0x0000000100000000)
  region size 1024K, 6 young (6144K), 2 survivors (2048K)
 Metaspace       used 21232K, committed 21504K, reserved 1114112K
  class space    used 2835K, committed 2944K, reserved 1048576K
}

Deoptimization events (6 events):
Event: 5.079 Thread 0x000001dbc8b5bfa0 DEOPT PACKING pc=0x000001dbd20000f5 sp=0x0000006eac2fdca0
Event: 5.079 Thread 0x000001dbc8b5bfa0 DEOPT UNPACKING pc=0x000001dbd1e22b24 sp=0x0000006eac2fd0f8 mode 3
Event: 8.173 Thread 0x000001dbc8b5bfa0 DEOPT PACKING pc=0x000001dbd222b519 sp=0x0000006eac2fd6b0
Event: 8.173 Thread 0x000001dbc8b5bfa0 DEOPT UNPACKING pc=0x000001dbd1e22b24 sp=0x0000006eac2fcb90 mode 3
Event: 11.426 Thread 0x000001dbc8b5bfa0 DEOPT PACKING pc=0x000001dbd23a34f5 sp=0x0000006eac2fd180
Event: 11.426 Thread 0x000001dbc8b5bfa0 DEOPT UNPACKING pc=0x000001dbd1e22b24 sp=0x0000006eac2fc5f0 mode 3

Classes loaded (20 events):
Event: 12.553 Loading class java/util/concurrent/RejectedExecutionException
Event: 12.553 Loading class java/util/concurrent/RejectedExecutionException done
Event: 12.585 Loading class javax/management/modelmbean/ModelMBeanNotificationBroadcaster
Event: 12.585 Loading class javax/management/modelmbean/ModelMBeanNotificationBroadcaster done
Event: 12.587 Loading class javax/management/RuntimeErrorException
Event: 12.587 Loading class javax/management/RuntimeErrorException done
Event: 12.587 Loading class javax/management/InvalidAttributeValueException
Event: 12.587 Loading class javax/management/InvalidAttributeValueException done
Event: 12.595 Loading class java/net/SocketTimeoutException
Event: 12.595 Loading class java/io/InterruptedIOException
Event: 12.595 Loading class java/io/InterruptedIOException done
Event: 12.595 Loading class java/net/SocketTimeoutException done
Event: 12.597 Loading class java/beans/PropertyChangeSupport
Event: 12.597 Loading class java/beans/PropertyChangeSupport done
Event: 12.598 Loading class java/beans/PropertyChangeSupport$PropertyChangeListenerMap
Event: 12.598 Loading class java/beans/ChangeListenerMap
Event: 12.598 Loading class java/beans/ChangeListenerMap done
Event: 12.598 Loading class java/beans/PropertyChangeSupport$PropertyChangeListenerMap done
Event: 12.598 Loading class java/beans/PropertyChangeListener
Event: 12.598 Loading class java/beans/PropertyChangeListener done

Classes unloaded (0 events):
No events

Classes redefined (0 events):
No events

Internal exceptions (20 events):
Event: 11.713 Thread 0x000001dbc8b5bfa0 Exception <a 'java/lang/ClassNotFoundException'{0x00000000e2ece148}: org/springframework/beans/factory/AwareCustomizer> (0x00000000e2ece148) 
thrown [s\open\src\hotspot\share\classfile\systemDictionary.cpp, line 255]
Event: 11.716 Thread 0x000001dbc8b5bfa0 Exception <a 'java/lang/ClassNotFoundException'{0x00000000e2ed0d50}: org/springframework/core/OrderedCustomizer> (0x00000000e2ed0d50) 
thrown [s\open\src\hotspot\share\classfile\systemDictionary.cpp, line 255]
Event: 11.717 Thread 0x000001dbc8b5bfa0 Exception <a 'java/lang/ClassNotFoundException'{0x00000000e2ed4898}: org/springframework/beans/factory/BeanClassLoaderAwareCustomizer> (0x00000000e2ed4898) 
thrown [s\open\src\hotspot\share\classfile\systemDictionary.cpp, line 255]
Event: 11.719 Thread 0x000001dbc8b5bfa0 Exception <a 'java/lang/ClassNotFoundException'{0x00000000e2ed8490}: org/springframework/beans/factory/AwareCustomizer> (0x00000000e2ed8490) 
thrown [s\open\src\hotspot\share\classfile\systemDictionary.cpp, line 255]
Event: 11.721 Thread 0x000001dbc8b5bfa0 Exception <a 'java/lang/ClassNotFoundException'{0x00000000e2edb478}: org/springframework/aop/framework/AopInfrastructureBeanCustomizer> (0x00000000e2edb478) 
thrown [s\open\src\hotspot\share\classfile\systemDictionary.cpp, line 255]
Event: 11.727 Thread 0x000001dbc8b5bfa0 Exception <a 'java/lang/NoSuchMethodError'{0x00000000e2ee7320}: 'void java.lang.invoke.DirectMethodHandle$Holder.invokeVirtual(java.lang.Object, java.lang.Object, int)'> (0x00000000e2ee7320) 
thrown [s\open\src\hotspot\share\interpreter\linkResolver.cpp, line 766]
Event: 11.729 Thread 0x000001dbc8b5bfa0 Exception <a 'java/lang/NoSuchMethodError'{0x00000000e2eeb200}: 'int java.lang.invoke.DirectMethodHandle$Holder.invokeSpecial(java.lang.Object, java.lang.Object, java.lang.Object, int)'> (0x00000000e2eeb200) 
thrown [s\open\src\hotspot\share\interpreter\linkResolver.cpp, line 766]
Event: 11.734 Thread 0x000001dbc8b5bfa0 Exception <a 'java/lang/NoSuchMethodError'{0x00000000e2efd458}: 'java.lang.Object java.lang.invoke.DirectMethodHandle$Holder.invokeStatic(java.lang.Object, java.lang.Object, java.lang.Object, java.lang.Object, int)'> (0x00000000e2efd458) 
thrown [s\open\src\hotspot\share\interpreter\linkResolver.cpp, line 766]
Event: 11.737 Thread 0x000001dbc8b5bfa0 Exception <a 'java/lang/NoSuchMethodError'{0x00000000e2d089b0}: 'void java.lang.invoke.DelegatingMethodHandle$Holder.reinvoke_L(java.lang.Object, java.lang.Object, int)'> (0x00000000e2d089b0) 
thrown [s\open\src\hotspot\share\interpreter\linkResolver.cpp, line 766]
Event: 11.783 Thread 0x000001dbc8b5bfa0 Exception <a 'java/lang/NoSuchMethodError'{0x00000000e2d6d878}: 'java.lang.Object java.lang.invoke.DirectMethodHandle$Holder.invokeVirtual(java.lang.Object, java.lang.Object, java.lang.Object, java.lang.Object, java.lang.Object)'> (0x00000000e2d6d878) 
thrown [s\open\src\hotspot\share\interpreter\linkResolver.cpp, line 766]
Event: 11.918 Thread 0x000001dbc8b5bfa0 Exception <a 'java/lang/NoSuchMethodError'{0x00000000e2c71e40}: 'int java.lang.invoke.DirectMethodHandle$Holder.invokeSpecial(java.lang.Object, java.lang.Object, java.lang.Object, java.lang.Object, java.lang.Object)'> (0x00000000e2c71e40) 
thrown [s\open\src\hotspot\share\interpreter\linkResolver.cpp, line 766]
Event: 12.084 Thread 0x000001dbc8b5bfa0 Exception <a 'java/lang/NoSuchMethodError'{0x00000000e2a4d738}: 'java.lang.reflect.Method[] java.lang.Class.getDeclaredMethods(java.lang.Class)'> (0x00000000e2a4d738) 
thrown [s\open\src\hotspot\share\interpreter\linkResolver.cpp, line 766]
Event: 12.086 Thread 0x000001dbc8b5bfa0 Exception <a 'java/lang/NoSuchMethodError'{0x00000000e2a523c8}: 'java.lang.Object java.lang.invoke.DirectMethodHandle$Holder.invokeStatic(java.lang.Object, java.lang.Object, int)'> (0x00000000e2a523c8) 
thrown [s\open\src\hotspot\share\interpreter\linkResolver.cpp, line 766]
Event: 12.088 Thread 0x000001dbc8b5bfa0 Exception <a 'java/lang/NoSuchMethodError'{0x00000000e2a5dd90}: 'void java.lang.invoke.DelegatingMethodHandle$Holder.delegate(java.lang.Object, java.lang.Object, int, java.lang.Object)'> (0x00000000e2a5dd90) 
thrown [s\open\src\hotspot\share\interpreter\linkResolver.cpp, line 766]
Event: 12.101 Thread 0x000001dbc8b5bfa0 Exception <a 'java/lang/NoSuchMethodError'{0x00000000e2a7cd80}: 'java.lang.reflect.Field[] java.lang.Class.getDeclaredFields(java.lang.Class)'> (0x00000000e2a7cd80) 
thrown [s\open\src\hotspot\share\interpreter\linkResolver.cpp, line 766]
Event: 12.190 Thread 0x000001dbc8b5bfa0 Exception <a 'java/lang/NoSuchMethodError'{0x00000000e2975ff8}: 'void java.lang.invoke.DirectMethodHandle$Holder.invokeInterface(java.lang.Object, java.lang.Object, int)'> (0x00000000e2975ff8) 
thrown [s\open\src\hotspot\share\interpreter\linkResolver.cpp, line 766]
Event: 12.196 Thread 0x000001dbc8b5bfa0 Exception <a 'java/lang/NoSuchMethodError'{0x00000000e298fb28}: 'int java.lang.invoke.DirectMethodHandle$Holder.invokeVirtual(java.lang.Object, java.lang.Object)'> (0x00000000e298fb28) 
thrown [s\open\src\hotspot\share\interpreter\linkResolver.cpp, line 766]
Event: 12.210 Thread 0x000001dbc8b5bfa0 Exception <a 'java/lang/IncompatibleClassChangeError'{0x00000000e29cf368}: Found class java.lang.Object, but interface was expected> (0x00000000e29cf368) 
thrown [s\open\src\hotspot\share\interpreter\linkResolver.cpp, line 833]
Event: 12.211 Thread 0x000001dbc8b5bfa0 Exception <a 'java/lang/NoSuchMethodError'{0x00000000e29d4460}: 'void java.lang.invoke.DirectMethodHandle$Holder.invokeStatic(java.lang.Object, int, java.lang.Object)'> (0x00000000e29d4460) 
thrown [s\open\src\hotspot\share\interpreter\linkResolver.cpp, line 766]
Event: 12.226 Thread 0x000001dbc8b5bfa0 Exception <a 'java/lang/NoSuchMethodError'{0x00000000e2803e50}: 'int java.lang.invoke.DirectMethodHandle$Holder.invokeSpecial(java.lang.Object, java.lang.Object, int)'> (0x00000000e2803e50) 
thrown [s\open\src\hotspot\share\interpreter\linkResolver.cpp, line 766]

VM Operations (20 events):
Event: 8.741 Executing VM operation: HandshakeAllThreads done
Event: 9.364 Executing VM operation: G1CollectForAllocation
Event: 9.380 Executing VM operation: G1CollectForAllocation done
Event: 10.406 Executing VM operation: HandshakeAllThreads
Event: 10.406 Executing VM operation: HandshakeAllThreads done
Event: 10.406 Executing VM operation: Cleanup
Event: 10.406 Executing VM operation: Cleanup done
Event: 10.809 Executing VM operation: G1CollectForAllocation
Event: 10.822 Executing VM operation: G1CollectForAllocation done
Event: 11.273 Executing VM operation: HandshakeAllThreads
Event: 11.273 Executing VM operation: HandshakeAllThreads done
Event: 11.668 Executing VM operation: HandshakeAllThreads
Event: 11.668 Executing VM operation: HandshakeAllThreads done
Event: 11.671 Executing VM operation: HandshakeAllThreads
Event: 11.671 Executing VM operation: HandshakeAllThreads done
Event: 12.293 Executing VM operation: G1CollectForAllocation
Event: 12.313 Executing VM operation: G1CollectForAllocation done
Event: 12.408 Executing VM operation: HandshakeAllThreads
Event: 12.408 Executing VM operation: HandshakeAllThreads done
Event: 12.626 Executing VM operation: CollectForMetadataAllocation

Events (20 events):
Event: 0.377 Thread 0x000001dbd8566bf0 Thread added: 0x000001dbd8566bf0
Event: 0.378 Thread 0x000001dbd85674a0 Thread added: 0x000001dbd85674a0
Event: 0.396 Thread 0x000001dbd859c970 Thread added: 0x000001dbd859c970
Event: 1.987 Thread 0x000001dbc8d0a6a0 Thread added: 0x000001dbc8d0a6a0
Event: 2.018 Thread 0x000001dbd8651d40 Thread added: 0x000001dbd8651d40
Event: 2.081 Thread 0x000001dbd867d4c0 Thread added: 0x000001dbd867d4c0
Event: 2.104 Loaded shared library C:\Program Files\Java\jdk-18.0.1.1\bin\jimage.dll
Event: 2.139 Loaded shared library C:\Program Files\Java\jdk-18.0.1.1\bin\net.dll
Event: 2.154 Loaded shared library C:\Program Files\Java\jdk-18.0.1.1\bin\nio.dll
Event: 2.178 Loaded shared library C:\Program Files\Java\jdk-18.0.1.1\bin\zip.dll
Event: 2.453 Loaded shared library C:\Program Files\Java\jdk-18.0.1.1\bin\management.dll
Event: 2.531 Loaded shared library C:\Program Files\Java\jdk-18.0.1.1\bin\management_ext.dll
Event: 3.686 Thread 0x000001dbdcb730f0 Thread added: 0x000001dbdcb730f0
Event: 3.756 Thread 0x000001dbdcb7ac80 Thread added: 0x000001dbdcb7ac80
Event: 3.860 Thread 0x000001dbdcbdb450 Thread added: 0x000001dbdcbdb450
Event: 3.981 Loaded shared library C:\Program Files\Java\jdk-18.0.1.1\bin\verify.dll
Event: 7.008 Thread 0x000001dbdd34ce90 Thread added: 0x000001dbdd34ce90
Event: 8.841 Thread 0x000001dbdd34ce90 Thread exited: 0x000001dbdd34ce90
Event: 9.026 Thread 0x000001dbdd309450 Thread added: 0x000001dbdd309450
Event: 9.356 Thread 0x000001dbdd309450 Thread exited: 0x000001dbdd309450


Dynamic libraries:
0x00007ff6a1b30000 - 0x00007ff6a1b40000 	C:\Program Files\Java\jdk-18.0.1.1\bin\javaw.exe
0x00007ff91d670000 - 0x00007ff91d867000 	C:\WINDOWS\SYSTEM32\ntdll.dll
0x00007ff91c200000 - 0x00007ff91c2bd000 	C:\WINDOWS\System32\KERNEL32.DLL
0x00007ff91ad90000 - 0x00007ff91b05d000 	C:\WINDOWS\System32\KERNELBASE.dll
0x00007ff91b300000 - 0x00007ff91b400000 	C:\WINDOWS\System32\ucrtbase.dll
0x00007ff911210000 - 0x00007ff911228000 	C:\Program Files\Java\jdk-18.0.1.1\bin\jli.dll
0x00007ff91ca00000 - 0x00007ff91caae000 	C:\WINDOWS\System32\ADVAPI32.dll
0x00007ff91b780000 - 0x00007ff91b81e000 	C:\WINDOWS\System32\msvcrt.dll
0x00007ff91c2c0000 - 0x00007ff91c35c000 	C:\WINDOWS\System32\sechost.dll
0x00007ff91cda0000 - 0x00007ff91cec5000 	C:\WINDOWS\System32\RPCRT4.dll
0x00007ff91cae0000 - 0x00007ff91cc80000 	C:\WINDOWS\System32\USER32.dll
0x00007ff91b060000 - 0x00007ff91b082000 	C:\WINDOWS\System32\win32u.dll
0x00007ff91ba80000 - 0x00007ff91baaa000 	C:\WINDOWS\System32\GDI32.dll
0x00007ff91b1f0000 - 0x00007ff91b2fb000 	C:\WINDOWS\System32\gdi32full.dll
0x00007ff91b120000 - 0x00007ff91b1bd000 	C:\WINDOWS\System32\msvcp_win.dll
0x00007ff8fc240000 - 0x00007ff8fc25a000 	C:\Program Files\Java\jdk-18.0.1.1\bin\VCRUNTIME140.dll
0x00007ff90cb60000 - 0x00007ff90cdfa000 	C:\WINDOWS\WinSxS\amd64_microsoft.windows.common-controls_6595b64144ccf1df_6.0.19041.1110_none_60b5254171f9507e\COMCTL32.dll
0x00007ff90b680000 - 0x00007ff90b68a000 	C:\WINDOWS\SYSTEM32\VERSION.dll
0x00007ff91cab0000 - 0x00007ff91cae0000 	C:\WINDOWS\System32\IMM32.DLL
0x00007ff910590000 - 0x00007ff91059c000 	C:\Program Files\Java\jdk-18.0.1.1\bin\vcruntime140_1.dll
0x00007ff8f1410000 - 0x00007ff8f149d000 	C:\Program Files\Java\jdk-18.0.1.1\bin\msvcp140.dll
0x00007ff8e0be0000 - 0x00007ff8e17f0000 	C:\Program Files\Java\jdk-18.0.1.1\bin\server\jvm.dll
0x00007ff91ced0000 - 0x00007ff91ced8000 	C:\WINDOWS\System32\PSAPI.DLL
0x00007ff919510000 - 0x00007ff919519000 	C:\WINDOWS\SYSTEM32\WSOCK32.dll
0x00007ff91d490000 - 0x00007ff91d4fb000 	C:\WINDOWS\System32\WS2_32.dll
0x00007ff913750000 - 0x00007ff913777000 	C:\WINDOWS\SYSTEM32\WINMM.dll
0x00007ff919920000 - 0x00007ff919932000 	C:\WINDOWS\SYSTEM32\kernel.appcore.dll
0x00007ff9100e0000 - 0x00007ff9100ea000 	C:\Program Files\Java\jdk-18.0.1.1\bin\jimage.dll
0x00007ff919300000 - 0x00007ff9194e4000 	C:\WINDOWS\SYSTEM32\DBGHELP.DLL
0x00007ff90b3d0000 - 0x00007ff90b3fc000 	C:\WINDOWS\SYSTEM32\dbgcore.DLL
0x00007ff91b090000 - 0x00007ff91b112000 	C:\WINDOWS\System32\bcryptPrimitives.dll
0x00007ff8f7090000 - 0x00007ff8f70b5000 	C:\Program Files\Java\jdk-18.0.1.1\bin\java.dll
0x00007ff8e8350000 - 0x00007ff8e8426000 	C:\Program Files\Java\jdk-18.0.1.1\bin\jsvml.dll
0x00007ff91bab0000 - 0x00007ff91c1f4000 	C:\WINDOWS\System32\SHELL32.dll
0x00007ff918aa0000 - 0x00007ff919234000 	C:\WINDOWS\SYSTEM32\windows.storage.dll
0x00007ff91c360000 - 0x00007ff91c6b4000 	C:\WINDOWS\System32\combase.dll
0x00007ff91a720000 - 0x00007ff91a74c000 	C:\WINDOWS\SYSTEM32\Wldp.dll
0x00007ff91b6d0000 - 0x00007ff91b77d000 	C:\WINDOWS\System32\SHCORE.dll
0x00007ff91c9a0000 - 0x00007ff91c9f5000 	C:\WINDOWS\System32\shlwapi.dll
0x00007ff91acd0000 - 0x00007ff91acef000 	C:\WINDOWS\SYSTEM32\profapi.dll
0x00007ff8fae30000 - 0x00007ff8fae43000 	C:\Program Files\Java\jdk-18.0.1.1\bin\net.dll
0x00007ff90c970000 - 0x00007ff90ca7a000 	C:\WINDOWS\SYSTEM32\WINHTTP.dll
0x00007ff91a480000 - 0x00007ff91a4ea000 	C:\WINDOWS\system32\mswsock.dll
0x00007ff8f9eb0000 - 0x00007ff8f9ec6000 	C:\Program Files\Java\jdk-18.0.1.1\bin\nio.dll
0x00007ff8f7350000 - 0x00007ff8f7368000 	C:\Program Files\Java\jdk-18.0.1.1\bin\zip.dll
0x00007ff913a00000 - 0x00007ff913a09000 	C:\Program Files\Java\jdk-18.0.1.1\bin\management.dll
0x00007ff9100f0000 - 0x00007ff9100fb000 	C:\Program Files\Java\jdk-18.0.1.1\bin\management_ext.dll
0x00007ff9076f0000 - 0x00007ff907707000 	C:\WINDOWS\system32\napinsp.dll
0x00007ff907710000 - 0x00007ff90772b000 	C:\WINDOWS\system32\pnrpnsp.dll
0x00007ff8fcb60000 - 0x00007ff8fcb75000 	C:\WINDOWS\system32\wshbth.dll
0x00007ff915d50000 - 0x00007ff915d6d000 	C:\WINDOWS\system32\NLAapi.dll
0x00007ff91a170000 - 0x00007ff91a1ab000 	C:\WINDOWS\SYSTEM32\IPHLPAPI.DLL
0x00007ff91a1b0000 - 0x00007ff91a27b000 	C:\WINDOWS\SYSTEM32\DNSAPI.dll
0x00007ff91cca0000 - 0x00007ff91cca8000 	C:\WINDOWS\System32\NSI.dll
0x00007ff907730000 - 0x00007ff907742000 	C:\WINDOWS\System32\winrnr.dll
0x00007ff908ba0000 - 0x00007ff908baa000 	C:\Windows\System32\rasadhlp.dll
0x00007ff90a060000 - 0x00007ff90a0e0000 	C:\WINDOWS\System32\fwpuclnt.dll
0x00007ff91b1c0000 - 0x00007ff91b1e7000 	C:\WINDOWS\System32\bcrypt.dll
0x00007ff91a670000 - 0x00007ff91a688000 	C:\WINDOWS\SYSTEM32\CRYPTSP.dll
0x00007ff919e00000 - 0x00007ff919e34000 	C:\WINDOWS\system32\rsaenh.dll
0x00007ff91ac50000 - 0x00007ff91ac7e000 	C:\WINDOWS\SYSTEM32\USERENV.dll
0x00007ff91a690000 - 0x00007ff91a69c000 	C:\WINDOWS\SYSTEM32\CRYPTBASE.dll
0x00007ff90ffc0000 - 0x00007ff90ffd7000 	C:\WINDOWS\SYSTEM32\dhcpcsvc6.DLL
0x00007ff910790000 - 0x00007ff9107ad000 	C:\WINDOWS\SYSTEM32\dhcpcsvc.DLL
0x00007ff90ff00000 - 0x00007ff90ff10000 	C:\Program Files\Java\jdk-18.0.1.1\bin\verify.dll

dbghelp: loaded successfully - version: 4.0.5 - missing functions: none
symbol engine: initialized successfully - sym options: 0x614 - pdb path: .;C:\Program Files\Java\jdk-18.0.1.1\bin;C:\WINDOWS\SYSTEM32;C:\WINDOWS\WinSxS\amd64_microsoft.windows.common-controls_6595b64144ccf1df_6.0.19041.1110_none_60b5254171f9507e;C:\Program Files\Java\jdk-18.0.1.1\bin\server

VM Arguments:
jvm_args: -Dcom.sun.management.jmxremote -Dcom.sun.management.jmxremote.port=52227 -Dcom.sun.management.jmxremote.authenticate=false -Dcom.sun.management.jmxremote.ssl=false -Djava.rmi.server.hostname=localhost -Dspring.jmx.enabled=true -Dspring.liveBeansView.mbeanDomain -Dspring.application.admin.enabled=true -XX:TieredStopAtLevel=1 -Dspring.boot.project.name=demo-2 -Dfile.encoding=UTF-8 -XX:+ShowCodeDetailsInExceptionMessages 
java_command: com.example.demo.Demo2Application --spring.output.ansi.enabled=always
java_class_path (initial): C:\Users\user\Desktop\spring\demo-2\bin\main;C:\Users\user\.gradle\caches\modules-2\files-2.1\org.springframework.boot\spring-boot-starter-thymeleaf\2.7.1\76b36fc78c80ca34832b670e6551845a0c76ce44\spring-boot-starter-thymeleaf-2.7.1.jar;C:\Users\user\.gradle\caches\modules-2\files-2.1\org.springframework.boot\spring-boot-starter-web\2.7.1\29f47f503f9955b1a9746870aeaebdba448416d\spring-boot-starter-web-2.7.1.jar;C:\Users\user\.gradle\caches\modules-2\files-2.1\org.springframework.boot\spring-boot-starter-json\2.7.1\711889df8474d7f0271b1e25cd75a9249e0a4621\spring-boot-starter-json-2.7.1.jar;C:\Users\user\.gradle\caches\modules-2\files-2.1\org.springframework.boot\spring-boot-starter\2.7.1\48f7e04459ccc16d3532bfc486c1b6d629e6e0fc\spring-boot-starter-2.7.1.jar;C:\Users\user\.gradle\caches\modules-2\files-2.1\org.thymeleaf\thymeleaf-spring5\3.0.15.RELEASE\7170e1bcd1588d38c139f7048ebcc262676441c3\thymeleaf-spring5-3.0.15.RELEASE.jar;C:\Users\user\.gradle\caches\modules-2\files-2.1\org.thymeleaf.extras\thymeleaf-extras-java8time\3.0.4.RELEASE\36e7175ddce36c486fff4578b5af7bb32f54f5df\thymeleaf-extras-java8time-3.0.4.RELEASE.jar;C:\Users\user\.gradle\caches\modules-2\files-2.1\org.springframework.boot\spring-boot-starter-tomcat\2.7.1\c99fe94b685f1707907afb84ecb998ac13271ead\spring-boot-starter-tomcat-2.7.1.jar;C:\Users\user\.gradle\caches\modules-2\files-2.1\org.springframework\spring-webmvc\5.3.21\a62db425cc29c48e138846e706ca37acb138ca13\spring-webmvc-5.3.21.jar;C:\Users\user\.gradle\caches\modules-2\files-2.1\org.springframework\spring-web\5.3.21\317aadd37f70ba34ff93d068343e3110b5dcf2f\spring-web-5.3.21.jar;C:\Users\user\.gradle\caches\modules-2\files-2.1\org.springframework.boot\spring-boot-autoconfigure\2.7.1\923ad789b004e8cc17d67853b1e4d3db11946f0\spring-boot-autoconfigure-2.7.1.jar;C:\Users\user\.gradle\caches\modules-2\files-2.1\org.springframework.boot\spring-boot\2.7.1\8e49b8e7e9ea470a7772f489532264732ab206a2\spring-boot-2.7.1.jar;C:\Users\user\.gradle\caches\modules-2\files-2.1\org.springframework.boot\spring-boot-starter-logging\2.7.1\461cf82dc10505f47d3ce2146bd01721177cde4a\spring-boot-starter-logging-2.7.1.jar;C:\Users\user\.gradle\caches\modules-2\files-2.1\jakarta.annotation\jakarta.annotation-api\1.3.5\59eb84ee0d616332ff44aba065f3888cf002cd2d\jakarta.annotation-api-1.3.5.jar;C:\Users\user\.gradle\caches\modules-2\files-2.1\org.springframework\spring-context\5.3.21\fe371c85f02b8c6690fc3b3d0950ef4f965db0cd\spring-context-5.3.21.jar;C:\Users\user\.gradle\caches\modules-2\files-2.1\org.springframework\spring-expression\5.3.21\ca8c5822fc528066ec717f1e74160a1575c43192\spring-expression-5.3.21.jar;C:\Users\user\.gradle\caches\modules-2\files-2.1\org.springframework\spring-aop\5.3.21\58ec4ff7a0ce30a1e2612f04ad0fb13ea806705\spring-aop-5.3.21.jar;C:\Users\user\.gradle\caches\modules-2\files-2.1\org.springframework\spring-beans\5.3.21\e3eae7e6d211381642a0b7507a5215e3ac1b32e1\spring-beans-5.3.21.jar;C:\Users\user\.gradle\caches\modules-2\files-2.1\org.springframework\spring-core\5.3.21\1b0c9be6b972e4c615f175c70fc32e80557e68e8\spring-core-5.3.21.jar;C:\Users\user\.gradle\caches\modules-2\files-2.1\org.yaml\snakeyaml\1.30\8fde7fe2586328ac3c68db92045e1c8759125000\snakeyaml-1.30.jar;C:\Users\user\.gradle\caches\modules-2\files-2.1\org.thymeleaf\thymeleaf\3.0.15.RELEASE\13e3296a03d8a597b734d832ed8656139bf9cdd8\thymeleaf-3.0.15.RELEASE.jar;C:\Users\user\.gradle\caches\modules-2\files-2.1\ch.qos.logback\logback-classic\1.2.11\4741689214e9d1e8408b206506cbe76d1c6a7d60\logback-classic-1.2.11.jar;C:\Users\user\.gradle\caches\modules-2\files-2.1\org.apache.logging.log4j\log4j-to-slf4j\2.17.2\17dd0fae2747d9a28c67bc9534108823d2376b46\log4j-to-slf4j-2.17.2.jar;C:\Users\user\.gradle\caches\modules-2\files-2.1\org.slf4j\jul-to-slf4j\1.7.36\ed46d81cef9c412a88caef405b58f93a678ff2ca\jul-to-slf4j-1.7.36.jar;C:\Users\user\.gradle\caches\modules-2\files-2.1\org.slf4j\slf4j-api\1.7.36\6c62681a2f655b49963a5983b8b0950a6120ae14\slf4j-api-1.7.36.jar;C:\Users\user\.gradle\caches\modules-2\files-2.1\com.fasterxml.jackson.datatype\jackson-datatype-jsr310\2.13.3\ad2f4c61aeb9e2a8bb5e4a3ed782cfddec52d972\jackson-datatype-jsr310-2.13.3.jar;C:\Users\user\.gradle\caches\modules-2\files-2.1\com.fasterxml.jackson.module\jackson-module-parameter-names\2.13.3\f71c4ecc1a403787c963f68bc619b78ce1d2687b\jackson-module-parameter-names-2.13.3.jar;C:\Users\user\.gradle\caches\modules-2\files-2.1\com.fasterxml.jackson.core\jackson-annotations\2.13.3\7198b3aac15285a49e218e08441c5f70af00fc51\jackson-annotations-2.13.3.jar;C:\Users\user\.gradle\caches\modules-2\files-2.1\com.fasterxml.jackson.core\jackson-core\2.13.3\a27014716e4421684416e5fa83d896ddb87002da\jackson-core-2.13.3.jar;C:\Users\user\.gradle\caches\modules-2\files-2.1\com.fasterxml.jackson.datatype\jackson-datatype-jdk8\2.13.3\d4884595d5aab5babdb00ddbd693b8fd36b5ec3c\jackson-datatype-jdk8-2.13.3.jar;C:\Users\user\.gradle\caches\modules-2\files-2.1\com.fasterxml.jackson.core\jackson-databind\2.13.3\56deb9ea2c93a7a556b3afbedd616d342963464e\jackson-databind-2.13.3.jar;C:\Users\user\.gradle\caches\modules-2\files-2.1\org.apache.tomcat.embed\tomcat-embed-websocket\9.0.64\2a5e4f1f04830f2bfd01108ddc59a451c4baef34\tomcat-embed-websocket-9.0.64.jar;C:\Users\user\.gradle\caches\modules-2\files-2.1\org.apache.tomcat.embed\tomcat-embed-core\9.0.64\2d91a06d1b93ba13a2cca9e9ea7c143a64037351\tomcat-embed-core-9.0.64.jar;C:\Users\user\.gradle\caches\modules-2\files-2.1\org.apache.tomcat.embed\tomcat-embed-el\9.0.64\227363669235feab54519102af723a54d1a7850e\tomcat-embed-el-9.0.64.jar;C:\Users\user\.gradle\caches\modules-2\files-2.1\org.springframework\spring-jcl\5.3.21\b41a2888c0e708f9fd12cf9cc0c29cebbcab2e5e\spring-jcl-5.3.21.jar;C:\Users\user\.gradle\caches\modules-2\files-2.1\org.attoparser\attoparser\2.0.5.RELEASE\a93ad36df9560de3a5312c1d14f69d938099fa64\attoparser-2.0.5.RELEASE.jar;C:\Users\user\.gradle\caches\modules-2\files-2.1\org.unbescape\unbescape\1.1.6.RELEASE\7b90360afb2b860e09e8347112800d12c12b2a13\unbescape-1.1.6.RELEASE.jar;C:\Users\user\.gradle\caches\modules-2\files-2.1\ch.qos.logback\logback-core\1.2.11\a01230df5ca5c34540cdaa3ad5efb012f1f1f792\logback-core-1.2.11.jar;C:\Users\user\.gradle\caches\modules-2\files-2.1\org.apache.logging.log4j\log4j-api\2.17.2\f42d6afa111b4dec5d2aea0fe2197240749a4ea6\log4j-api-2.17.2.jar
Launcher Type: SUN_STANDARD

[Global flags]
     intx CICompilerCount                          = 2                                         {product} {ergonomic}
     uint ConcGCThreads                            = 1                                         {product} {ergonomic}
     uint G1ConcRefinementThreads                  = 2                                         {product} {ergonomic}
   size_t G1HeapRegionSize                         = 1048576                                   {product} {ergonomic}
    uintx GCDrainStackTargetSize                   = 64                                        {product} {ergonomic}
   size_t InitialHeapSize                          = 33554432                                  {product} {ergonomic}
     bool ManagementServer                         = true                                      {product} {command line}
   size_t MarkStackSize                            = 4194304                                   {product} {ergonomic}
   size_t MaxHeapSize                              = 513802240                                 {product} {ergonomic}
   size_t MaxNewSize                               = 308281344                                 {product} {ergonomic}
   size_t MinHeapDeltaBytes                        = 1048576                                   {product} {ergonomic}
   size_t MinHeapSize                              = 8388608                                   {product} {ergonomic}
    uintx NonProfiledCodeHeapSize                  = 0                                      {pd product} {ergonomic}
     bool ProfileInterpreter                       = false                                  {pd product} {command line}
    uintx ProfiledCodeHeapSize                     = 0                                      {pd product} {ergonomic}
     bool ShowCodeDetailsInExceptionMessages       = true                                   {manageable} {command line}
   size_t SoftMaxHeapSize                          = 513802240                              {manageable} {ergonomic}
     intx TieredStopAtLevel                        = 1                                         {product} {command line}
     bool UseCompressedClassPointers               = true                           {product lp64_product} {ergonomic}
     bool UseCompressedOops                        = true                           {product lp64_product} {ergonomic}
     bool UseG1GC                                  = true                                      {product} {ergonomic}
     bool UseLargePagesIndividualAllocation        = false                                  {pd product} {ergonomic}

Logging:
Log output configuration:
 #0: stdout all=warning uptime,level,tags foldmultilines=false
 #1: stderr all=off uptime,level,tags foldmultilines=false

Environment Variables:
PATH=C:\Program Files\Common Files\Oracle\Java\javapath;C:\Program Files (x86)\Intel\TXE Components\TCS\;C:\Program Files\Intel\TXE Components\TCS\;C:\WINDOWS\system32;C:\WINDOWS;C:\WINDOWS\System32\Wbem;C:\WINDOWS\System32\WindowsPowerShell\v1.0\;C:\Program Files\Intel\TXE Components\DAL\;C:\Program Files (x86)\Intel\TXE Components\DAL\;C:\Program Files\Intel\TXE Components\IPT\;C:\Program Files (x86)\Intel\TXE Components\IPT\;C:\WINDOWS\System32\OpenSSH\;C:\Program Files\Git\cmd;C:\xampp\mysql\bin;C:\Users\user\AppData\Local\Microsoft\WindowsApps;;C:\Users\user\AppData\Local\Programs\Microsoft VS Code\bin;C:\Users\user\AppData\Local\Programs\Microsoft VS Code Insiders\bin
USERNAME=user
OS=Windows_NT
PROCESSOR_IDENTIFIER=Intel64 Family 6 Model 76 Stepping 3, GenuineIntel



---------------  S Y S T E M  ---------------

OS:
 Windows 10 , 64 bit Build 19041 (10.0.19041.1741)
OS uptime: 3 days 23:35 hours

CPU: total 2 (initial active 2) (2 cores per cpu, 1 threads per core) family 6 model 76 stepping 3 microcode 0x368, cx8, cmov, fxsr, mmx, 3dnowpref, sse, sse2, sse3, ssse3, sse4.1, sse4.2, popcnt, tsc, tscinvbit, aes, erms, clmul, clflush

Memory: 4k page, system-wide physical 1954M (313M free)
TotalPageFile size 6050M (AvailPageFile size 10M)
current process WorkingSet (physical memory assigned to process): 94M, peak: 94M
current process commit charge ("private bytes"): 128M, peak: 135M

vm_info: Java HotSpot(TM) 64-Bit Server VM (18.0.1.1+2-6) for windows-amd64 JRE (18.0.1.1+2-6), built on Apr 25 2022 21:53:15 by "mach5one" with MS VC++ 16.8 / 16.9 (VS2019)

END.
