#
# There is insufficient memory for the Java Runtime Environment to continue.
# Native memory allocation (mmap) failed to map 7340032 bytes for G1 virtual space
# Possible reasons:
#   The system is out of physical RAM or swap space
#   The process is running with CompressedOops enabled, and the Java Heap may be blocking the growth of the native heap
# Possible solutions:
#   Reduce memory load on the system
#   Increase physical memory or swap space
#   Check if swap backing store is full
#   Decrease Java heap size (-Xmx/-Xms)
#   Decrease number of Java threads
#   Decrease Java thread stack sizes (-Xss)
#   Set larger code cache with -XX:ReservedCodeCacheSize=
#   JVM is running with Unscaled Compressed Oops mode in which the Java heap is
#     placed in the first 4GB address space. The Java Heap base address is the
#     maximum limit for the native heap growth. Please use -XX:HeapBaseMinAddress
#     to set the Java Heap base and to place the Java Heap above 4GB virtual address.
# This output file may be truncated or incomplete.
#
#  Out of Memory Error (os_windows.cpp:3530), pid=3732, tid=8472
#
# JRE version: Java(TM) SE Runtime Environment (18.0.1.1+2) (build 18.0.1.1+2-6)
# Java VM: Java HotSpot(TM) 64-Bit Server VM (18.0.1.1+2-6, mixed mode, emulated-client, sharing, tiered, compressed oops, compressed class ptrs, g1 gc, windows-amd64)
# No core dump will be written. Minidumps are not enabled by default on client versions of Windows
#

---------------  S U M M A R Y ------------

Command Line: -Dcom.sun.management.jmxremote -Dcom.sun.management.jmxremote.port=52217 -Dcom.sun.management.jmxremote.authenticate=false -Dcom.sun.management.jmxremote.ssl=false -Djava.rmi.server.hostname=localhost -Dspring.jmx.enabled=true -Dspring.liveBeansView.mbeanDomain -Dspring.application.admin.enabled=true -XX:TieredStopAtLevel=1 -Dspring.boot.project.name=demo-2 -Dfile.encoding=UTF-8 -XX:+ShowCodeDetailsInExceptionMessages com.example.demo.Demo2Application --spring.output.ansi.enabled=always

Host: Intel(R) Celeron(R) CPU  N3050  @ 1.60GHz, 2 cores, 1G,  Windows 10 , 64 bit Build 19041 (10.0.19041.1741)
Time: Tue Jun 28 15:57:15 2022  Windows 10 , 64 bit Build 19041 (10.0.19041.1741) elapsed time: 10.062894 seconds (0d 0h 0m 10s)

---------------  T H R E A D  ---------------

Current thread (0x000001a07c4fae30):  VMThread "VM Thread" [stack: 0x0000004d1f800000,0x0000004d1f900000] [id=8472]

Stack: [0x0000004d1f800000,0x0000004d1f900000]
Native frames: (J=compiled Java code, j=interpreted, Vv=VM code, C=native code)
V  [jvm.dll+0x69887a]
V  [jvm.dll+0x7f38bd]
V  [jvm.dll+0x7f51ce]
V  [jvm.dll+0x7f5883]
V  [jvm.dll+0x25ca3f]
V  [jvm.dll+0x6957c9]
V  [jvm.dll+0x68a2fa]
V  [jvm.dll+0x321efb]
V  [jvm.dll+0x3298d6]
V  [jvm.dll+0x37e47e]
V  [jvm.dll+0x37e6af]
V  [jvm.dll+0x2f9c7a]
V  [jvm.dll+0x2f9d27]
V  [jvm.dll+0x33e262]
V  [jvm.dll+0x33c804]
V  [jvm.dll+0x2f9450]
V  [jvm.dll+0x33bddb]
V  [jvm.dll+0x7fa66b]
V  [jvm.dll+0x7fb404]
V  [jvm.dll+0x7fb93c]
V  [jvm.dll+0x7fbd94]
V  [jvm.dll+0x7fbe57]
V  [jvm.dll+0x7a03ea]
V  [jvm.dll+0x697725]
C  [ucrtbase.dll+0x21bb2]
C  [KERNEL32.DLL+0x17034]
C  [ntdll.dll+0x52651]

VM_Operation (0x0000004d1f2fc770): G1CollectForAllocation, mode: safepoint, requested by thread 0x000001a07c44c9e0


---------------  P R O C E S S  ---------------

Threads class SMR info:
_java_thread_list=0x000001a00e55d710, length=15, elements={
0x000001a07c44c9e0, 0x000001a07c4fdce0, 0x000001a07c4ff270, 0x000001a07fda5af0,
0x000001a07fda63a0, 0x000001a07fda7c60, 0x000001a07fda8510, 0x000001a07fda8dc0,
0x000001a07fddc280, 0x000001a07fd9bf40, 0x000001a07febe8f0, 0x000001a00e734800,
0x000001a00e73d910, 0x000001a00e73c200, 0x000001a00e7cf450
}

Java Threads: ( => current thread )
  0x000001a07c44c9e0 JavaThread "main" [_thread_blocked, id=2568, stack(0x0000004d1f200000,0x0000004d1f300000)]
  0x000001a07c4fdce0 JavaThread "Reference Handler" daemon [_thread_blocked, id=9608, stack(0x0000004d1f900000,0x0000004d1fa00000)]
  0x000001a07c4ff270 JavaThread "Finalizer" daemon [_thread_blocked, id=3620, stack(0x0000004d1fa00000,0x0000004d1fb00000)]
  0x000001a07fda5af0 JavaThread "Signal Dispatcher" daemon [_thread_blocked, id=552, stack(0x0000004d1fb00000,0x0000004d1fc00000)]
  0x000001a07fda63a0 JavaThread "Attach Listener" daemon [_thread_blocked, id=7832, stack(0x0000004d1fc00000,0x0000004d1fd00000)]
  0x000001a07fda7c60 JavaThread "Service Thread" daemon [_thread_blocked, id=7296, stack(0x0000004d1fd00000,0x0000004d1fe00000)]
  0x000001a07fda8510 JavaThread "Monitor Deflation Thread" daemon [_thread_blocked, id=7512, stack(0x0000004d1fe00000,0x0000004d1ff00000)]
  0x000001a07fda8dc0 JavaThread "C1 CompilerThread0" daemon [_thread_blocked, id=9148, stack(0x0000004d1ff00000,0x0000004d20000000)]
  0x000001a07fddc280 JavaThread "Sweeper thread" daemon [_thread_blocked, id=616, stack(0x0000004d20000000,0x0000004d20100000)]
  0x000001a07fd9bf40 JavaThread "Common-Cleaner" daemon [_thread_blocked, id=8332, stack(0x0000004d20100000,0x0000004d20200000)]
  0x000001a07febe8f0 JavaThread "Notification Thread" daemon [_thread_blocked, id=5284, stack(0x0000004d20200000,0x0000004d20300000)]
  0x000001a00e734800 JavaThread "C1 CompilerThread1" daemon [_thread_blocked, id=6556, stack(0x0000004d20400000,0x0000004d20500000)]
  0x000001a00e73d910 JavaThread "RMI TCP Accept-0" daemon [_thread_in_native, id=1556, stack(0x0000004d20500000,0x0000004d20600000)]
  0x000001a00e73c200 JavaThread "RMI TCP Accept-52217" daemon [_thread_in_native, id=6256, stack(0x0000004d20600000,0x0000004d20700000)]
  0x000001a00e7cf450 JavaThread "RMI TCP Accept-0" daemon [_thread_in_native, id=1248, stack(0x0000004d20700000,0x0000004d20800000)]

Other Threads:
=>0x000001a07c4fae30 VMThread "VM Thread" [stack: 0x0000004d1f800000,0x0000004d1f900000] [id=8472]
  0x000001a07a3bc8f0 WatcherThread "VM Periodic Task Thread" [stack: 0x0000004d20800000,0x0000004d20900000] [id=5016]
  0x000001a07c479ce0 WorkerThread "GC Thread#0" [stack: 0x0000004d1f300000,0x0000004d1f400000] [id=1724]
  0x000001a00e6fddd0 WorkerThread "GC Thread#1" [stack: 0x0000004d20300000,0x0000004d20400000] [id=8968]
  0x000001a07c47f870 ConcurrentGCThread "G1 Main Marker" [stack: 0x0000004d1f400000,0x0000004d1f500000] [id=6604]
  0x000001a07c480910 WorkerThread "G1 Conc#0" [stack: 0x0000004d1f500000,0x0000004d1f600000] [id=8076]
  0x000001a07c497990 ConcurrentGCThread "G1 Refine#0" [stack: 0x0000004d1f600000,0x0000004d1f700000] [id=556]
  0x000001a07c498950 ConcurrentGCThread "G1 Service" [stack: 0x0000004d1f700000,0x0000004d1f800000] [id=1812]

Threads with active compile tasks:

VM state: at safepoint (normal execution)

VM Mutex/Monitor currently owned by a thread:  ([mutex/lock_event])
[0x000001a07a3baa00] Threads_lock - owner thread: 0x000001a07c4fae30
[0x000001a07a3badf0] Heap_lock - owner thread: 0x000001a07c44c9e0

Heap address: 0x00000000e1600000, size: 490 MB, Compressed Oops mode: 32-bit

CDS archive(s) mapped at: [0x0000000800000000-0x0000000800ba0000-0x0000000800ba0000), size 12189696, SharedBaseAddress: 0x0000000800000000, ArchiveRelocationMode: 0.
Compressed class space mapped at: 0x0000000800c00000-0x0000000840c00000, reserved size: 1073741824
Narrow klass base: 0x0000000800000000, Narrow klass shift: 0, Narrow klass range: 0x100000000

GC Precious Log:
 CardTable entry size: 512
 Card Set container configuration: InlinePtr #cards 5 size 8 Array Of Cards #cards 12 size 40 Howl #buckets 4 coarsen threshold 1843 Howl Bitmap #cards 512 size 80 coarsen threshold 460 Card regions per heap region 1 cards per card region 2048
 CPUs: 2 total, 2 available
 Memory: 1954M
 Large Page Support: Disabled
 NUMA Support: Disabled
 Compressed Oops: Enabled (32-bit)
 Heap Region Size: 1M
 Heap Min Capacity: 8M
 Heap Initial Capacity: 32M
 Heap Max Capacity: 490M
 Pre-touch: Disabled
 Parallel Workers: 2
 Concurrent Workers: 1
 Concurrent Refinement Workers: 2
 Periodic GC: Disabled

Heap:
 garbage-first heap   total 32768K, used 8360K [0x00000000e1600000, 0x0000000100000000)
  region size 1024K, 2 young (2048K), 2 survivors (2048K)
 Metaspace       used 17478K, committed 17664K, reserved 1114112K
  class space    used 2282K, committed 2368K, reserved 1048576K

Heap Regions: E=young(eden), S=young(survivor), O=old, HS=humongous(starts), HC=humongous(continues), CS=collection set, F=free, OA=open archive, CA=closed archive, TAMS=top-at-mark-start (previous, next)
|   0|0x00000000e1600000, 0x00000000e1700000, 0x00000000e1700000|100%| O|  |TAMS 0x00000000e1600000, 0x00000000e1600000| Untracked 
|   1|0x00000000e1700000, 0x00000000e1800000, 0x00000000e1800000|100%| O|  |TAMS 0x00000000e1700000, 0x00000000e1700000| Untracked 
|   2|0x00000000e1800000, 0x00000000e1900000, 0x00000000e1900000|100%| O|  |TAMS 0x00000000e1800000, 0x00000000e1800000| Untracked 
|   3|0x00000000e1900000, 0x00000000e1a00000, 0x00000000e1a00000|100%| O|  |TAMS 0x00000000e1900000, 0x00000000e1900000| Untracked 
|   4|0x00000000e1a00000, 0x00000000e1b00000, 0x00000000e1b00000|100%| O|  |TAMS 0x00000000e1a00000, 0x00000000e1a00000| Untracked 
|   5|0x00000000e1b00000, 0x00000000e1c00000, 0x00000000e1c00000|100%| O|  |TAMS 0x00000000e1b00000, 0x00000000e1b00000| Untracked 
|   6|0x00000000e1c00000, 0x00000000e1c66600, 0x00000000e1d00000| 39%| O|  |TAMS 0x00000000e1c00000, 0x00000000e1c00000| Untracked 
|   7|0x00000000e1d00000, 0x00000000e1d00000, 0x00000000e1e00000|  0%| F|  |TAMS 0x00000000e1d00000, 0x00000000e1d00000| Untracked 
|   8|0x00000000e1e00000, 0x00000000e1e00000, 0x00000000e1f00000|  0%| F|  |TAMS 0x00000000e1e00000, 0x00000000e1e00000| Untracked 
|   9|0x00000000e1f00000, 0x00000000e1f00000, 0x00000000e2000000|  0%| F|  |TAMS 0x00000000e1f00000, 0x00000000e1f00000| Untracked 
|  10|0x00000000e2000000, 0x00000000e2000000, 0x00000000e2100000|  0%| F|  |TAMS 0x00000000e2000000, 0x00000000e2000000| Untracked 
|  11|0x00000000e2100000, 0x00000000e2100000, 0x00000000e2200000|  0%| F|  |TAMS 0x00000000e2100000, 0x00000000e2100000| Untracked 
|  12|0x00000000e2200000, 0x00000000e2200000, 0x00000000e2300000|  0%| F|  |TAMS 0x00000000e2200000, 0x00000000e2200000| Untracked 
|  13|0x00000000e2300000, 0x00000000e2300000, 0x00000000e2400000|  0%| F|  |TAMS 0x00000000e2300000, 0x00000000e2300000| Untracked 
|  14|0x00000000e2400000, 0x00000000e2400000, 0x00000000e2500000|  0%| F|  |TAMS 0x00000000e2400000, 0x00000000e2400000| Untracked 
|  15|0x00000000e2500000, 0x00000000e25c3b40, 0x00000000e2600000| 76%| S|CS|TAMS 0x00000000e2500000, 0x00000000e2500000| Complete 
|  16|0x00000000e2600000, 0x00000000e2700000, 0x00000000e2700000|100%| S|CS|TAMS 0x00000000e2600000, 0x00000000e2600000| Complete 
|  17|0x00000000e2700000, 0x00000000e2700000, 0x00000000e2800000|  0%| F|  |TAMS 0x00000000e2700000, 0x00000000e2700000| Untracked 
|  18|0x00000000e2800000, 0x00000000e2800000, 0x00000000e2900000|  0%| F|  |TAMS 0x00000000e2800000, 0x00000000e2800000| Untracked 
|  19|0x00000000e2900000, 0x00000000e2900000, 0x00000000e2a00000|  0%| F|  |TAMS 0x00000000e2900000, 0x00000000e2900000| Untracked 
|  20|0x00000000e2a00000, 0x00000000e2a00000, 0x00000000e2b00000|  0%| F|  |TAMS 0x00000000e2a00000, 0x00000000e2a00000| Untracked 
|  21|0x00000000e2b00000, 0x00000000e2b00000, 0x00000000e2c00000|  0%| F|  |TAMS 0x00000000e2b00000, 0x00000000e2b00000| Untracked 
|  22|0x00000000e2c00000, 0x00000000e2c00000, 0x00000000e2d00000|  0%| F|  |TAMS 0x00000000e2c00000, 0x00000000e2c00000| Untracked 
|  23|0x00000000e2d00000, 0x00000000e2d00000, 0x00000000e2e00000|  0%| F|  |TAMS 0x00000000e2d00000, 0x00000000e2d00000| Untracked 
|  24|0x00000000e2e00000, 0x00000000e2e00000, 0x00000000e2f00000|  0%| F|  |TAMS 0x00000000e2e00000, 0x00000000e2e00000| Untracked 
|  25|0x00000000e2f00000, 0x00000000e2f00000, 0x00000000e3000000|  0%| F|  |TAMS 0x00000000e2f00000, 0x00000000e2f00000| Untracked 
|  26|0x00000000e3000000, 0x00000000e3000000, 0x00000000e3100000|  0%| F|  |TAMS 0x00000000e3000000, 0x00000000e3000000| Untracked 
|  27|0x00000000e3100000, 0x00000000e3100000, 0x00000000e3200000|  0%| F|  |TAMS 0x00000000e3100000, 0x00000000e3100000| Untracked 
|  28|0x00000000e3200000, 0x00000000e3200000, 0x00000000e3300000|  0%| F|  |TAMS 0x00000000e3200000, 0x00000000e3200000| Untracked 
|  29|0x00000000e3300000, 0x00000000e3300000, 0x00000000e3400000|  0%| F|  |TAMS 0x00000000e3300000, 0x00000000e3300000| Untracked 
|  30|0x00000000e3400000, 0x00000000e3400000, 0x00000000e3500000|  0%| F|  |TAMS 0x00000000e3400000, 0x00000000e3400000| Untracked 
|  31|0x00000000e3500000, 0x00000000e3500000, 0x00000000e3600000|  0%| F|  |TAMS 0x00000000e3500000, 0x00000000e3500000| Untracked 

Card table byte_map: [0x000001a07bf30000,0x000001a07c030000] _byte_map_base: 0x000001a07b825000

Marking Bits (Prev, Next): (CMBitMap*) 0x000001a07c47b200, (CMBitMap*) 0x000001a07c47b240
 Prev Bits: [0x000001a07f510000, 0x000001a07fcb8000)
 Next Bits: [0x000001a007870000, 0x000001a008018000)

Polling page: 0x000001a07a280000

Metaspace:

Usage:
  Non-class:     14.84 MB used.
      Class:      2.23 MB used.
       Both:     17.07 MB used.

Virtual space:
  Non-class space:       64.00 MB reserved,      14.94 MB ( 23%) committed,  1 nodes.
      Class space:        1.00 GB reserved,       2.31 MB ( <1%) committed,  1 nodes.
             Both:        1.06 GB reserved,      17.25 MB (  2%) committed. 

Chunk freelists:
   Non-Class:  192.00 KB
       Class:  1.70 MB
        Both:  1.89 MB

MaxMetaspaceSize: unlimited
CompressedClassSpaceSize: 1.00 GB
Initial GC threshold: 21.00 MB
Current GC threshold: 21.00 MB
CDS: on
MetaspaceReclaimPolicy: balanced
 - commit_granule_bytes: 65536.
 - commit_granule_words: 8192.
 - virtual_space_node_default_size: 8388608.
 - enlarge_chunks_in_place: 1.
 - new_chunks_are_fully_committed: 0.
 - uncommit_free_chunks: 1.
 - use_allocation_guard: 0.


Internal statistics:

num_allocs_failed_limit: 0.
num_arena_births: 246.
num_arena_deaths: 0.
num_vsnodes_births: 2.
num_vsnodes_deaths: 0.
num_space_committed: 276.
num_space_uncommitted: 0.
num_chunks_returned_to_freelist: 0.
num_chunks_taken_from_freelist: 729.
num_chunk_merges: 0.
num_chunk_splits: 528.
num_chunks_enlarged: 427.
num_inconsistent_stats: 0.

CodeCache: size=49152Kb used=5634Kb max_used=5634Kb free=43518Kb
 bounds [0x000001a07c510000, 0x000001a07caa0000, 0x000001a07f510000]
 total_blobs=3022 nmethods=2547 adapters=402
 compilation: enabled
              stopped_count=0, restarted_count=0
 full_count=0

Compilation events (20 events):
Event: 9.973 Thread 0x000001a00e734800 nmethod 2538 0x000001a07ca8ab10 code [0x000001a07ca8acc0, 0x000001a07ca8ae88]
Event: 9.973 Thread 0x000001a07fda8dc0 nmethod 2537 0x000001a07ca8af90 code [0x000001a07ca8b120, 0x000001a07ca8b298]
Event: 9.975 Thread 0x000001a00e734800 2539       1       sun.reflect.annotation.AnnotationParser::parseConst (209 bytes)
Event: 9.977 Thread 0x000001a07fda8dc0 2540       1       org.springframework.util.Assert::notNull (17 bytes)
Event: 9.978 Thread 0x000001a07fda8dc0 nmethod 2540 0x000001a07ca8b310 code [0x000001a07ca8b4c0, 0x000001a07ca8b698]
Event: 9.978 Thread 0x000001a00e734800 nmethod 2539 0x000001a07ca8b790 code [0x000001a07ca8ba80, 0x000001a07ca8c458]
Event: 9.979 Thread 0x000001a00e734800 2541       1       org.springframework.core.annotation.AnnotationAttributes::getRequiredAttribute (79 bytes)
Event: 9.979 Thread 0x000001a07fda8dc0 2542       1       org.springframework.core.annotation.AnnotationAttributes::assertAttributePresence (12 bytes)
Event: 9.980 Thread 0x000001a07fda8dc0 nmethod 2542 0x000001a07ca8ca10 code [0x000001a07ca8cbe0, 0x000001a07ca8cf08]
Event: 9.980 Thread 0x000001a07fda8dc0 2543       1       org.springframework.core.annotation.AnnotationAttributes$$Lambda$299/0x0000000800dc45f0::<init> (15 bytes)
Event: 9.980 Thread 0x000001a07fda8dc0 nmethod 2543 0x000001a07ca8d090 code [0x000001a07ca8d220, 0x000001a07ca8d378]
Event: 9.980 Thread 0x000001a07fda8dc0 2544       1       org.springframework.core.annotation.AnnotationAttributes::assertNotException (44 bytes)
Event: 9.981 Thread 0x000001a00e734800 nmethod 2541 0x000001a07ca8d410 code [0x000001a07ca8d680, 0x000001a07ca8dd58]
Event: 9.981 Thread 0x000001a00e734800 2545       1       org.springframework.core.annotation.AnnotationAttributes::assertAttributeType (54 bytes)
Event: 9.982 Thread 0x000001a07fda8dc0 nmethod 2544 0x000001a07ca8e210 code [0x000001a07ca8e420, 0x000001a07ca8ec18]
Event: 9.983 Thread 0x000001a00e734800 nmethod 2545 0x000001a07ca8ef10 code [0x000001a07ca8f180, 0x000001a07ca8fbb8]
Event: 9.996 Thread 0x000001a00e734800 2546       1       java.util.concurrent.CopyOnWriteArrayList::<init> (24 bytes)
Event: 9.996 Thread 0x000001a07fda8dc0 2547       1       org.springframework.beans.factory.support.AbstractBeanDefinition::getFactoryMethodName (5 bytes)
Event: 9.996 Thread 0x000001a07fda8dc0 nmethod 2547 0x000001a07ca90010 code [0x000001a07ca901a0, 0x000001a07ca90278]
Event: 9.997 Thread 0x000001a00e734800 nmethod 2546 0x000001a07ca90310 code [0x000001a07ca904a0, 0x000001a07ca90718]

GC Heap History (13 events):
Event: 2.831 GC heap before
{Heap before GC invocations=0 (full 0):
 garbage-first heap   total 32768K, used 5120K [0x00000000e1600000, 0x0000000100000000)
  region size 1024K, 6 young (6144K), 0 survivors (0K)
 Metaspace       used 2474K, committed 2688K, reserved 1114112K
  class space    used 288K, committed 384K, reserved 1048576K
}
Event: 2.847 GC heap after
{Heap after GC invocations=1 (full 0):
 garbage-first heap   total 32768K, used 3072K [0x00000000e1600000, 0x0000000100000000)
  region size 1024K, 1 young (1024K), 1 survivors (1024K)
 Metaspace       used 2474K, committed 2688K, reserved 1114112K
  class space    used 288K, committed 384K, reserved 1048576K
}
Event: 3.692 GC heap before
{Heap before GC invocations=1 (full 0):
 garbage-first heap   total 32768K, used 5120K [0x00000000e1600000, 0x0000000100000000)
  region size 1024K, 4 young (4096K), 1 survivors (1024K)
 Metaspace       used 4799K, committed 4992K, reserved 1114112K
  class space    used 562K, committed 640K, reserved 1048576K
}
Event: 3.703 GC heap after
{Heap after GC invocations=2 (full 0):
 garbage-first heap   total 32768K, used 3923K [0x00000000e1600000, 0x0000000100000000)
  region size 1024K, 1 young (1024K), 1 survivors (1024K)
 Metaspace       used 4799K, committed 4992K, reserved 1114112K
  class space    used 562K, committed 640K, reserved 1048576K
}
Event: 4.704 GC heap before
{Heap before GC invocations=2 (full 0):
 garbage-first heap   total 32768K, used 11091K [0x00000000e1600000, 0x0000000100000000)
  region size 1024K, 8 young (8192K), 1 survivors (1024K)
 Metaspace       used 6887K, committed 7104K, reserved 1114112K
  class space    used 836K, committed 960K, reserved 1048576K
}
Event: 4.715 GC heap after
{Heap after GC invocations=3 (full 0):
 garbage-first heap   total 32768K, used 4871K [0x00000000e1600000, 0x0000000100000000)
  region size 1024K, 1 young (1024K), 1 survivors (1024K)
 Metaspace       used 6887K, committed 7104K, reserved 1114112K
  class space    used 836K, committed 960K, reserved 1048576K
}
Event: 5.930 GC heap before
{Heap before GC invocations=3 (full 0):
 garbage-first heap   total 32768K, used 13063K [0x00000000e1600000, 0x0000000100000000)
  region size 1024K, 10 young (10240K), 1 survivors (1024K)
 Metaspace       used 9073K, committed 9280K, reserved 1114112K
  class space    used 1185K, committed 1280K, reserved 1048576K
}
Event: 5.943 GC heap after
{Heap after GC invocations=4 (full 0):
 garbage-first heap   total 32768K, used 5846K [0x00000000e1600000, 0x0000000100000000)
  region size 1024K, 2 young (2048K), 2 survivors (2048K)
 Metaspace       used 9073K, committed 9280K, reserved 1114112K
  class space    used 1185K, committed 1280K, reserved 1048576K
}
Event: 7.730 GC heap before
{Heap before GC invocations=4 (full 0):
 garbage-first heap   total 32768K, used 19158K [0x00000000e1600000, 0x0000000100000000)
  region size 1024K, 15 young (15360K), 2 survivors (2048K)
 Metaspace       used 12565K, committed 12864K, reserved 1114112K
  class space    used 1633K, committed 1792K, reserved 1048576K
}
Event: 7.745 GC heap after
{Heap after GC invocations=5 (full 0):
 garbage-first heap   total 32768K, used 6565K [0x00000000e1600000, 0x0000000100000000)
  region size 1024K, 2 young (2048K), 2 survivors (2048K)
 Metaspace       used 12565K, committed 12864K, reserved 1114112K
  class space    used 1633K, committed 1792K, reserved 1048576K
}
Event: 8.730 GC heap before
{Heap before GC invocations=5 (full 0):
 garbage-first heap   total 32768K, used 20901K [0x00000000e1600000, 0x0000000100000000)
  region size 1024K, 16 young (16384K), 2 survivors (2048K)
 Metaspace       used 16142K, committed 16384K, reserved 1114112K
  class space    used 2090K, committed 2176K, reserved 1048576K
}
Event: 8.744 GC heap after
{Heap after GC invocations=6 (full 0):
 garbage-first heap   total 32768K, used 7481K [0x00000000e1600000, 0x0000000100000000)
  region size 1024K, 2 young (2048K), 2 survivors (2048K)
 Metaspace       used 16142K, committed 16384K, reserved 1114112K
  class space    used 2090K, committed 2176K, reserved 1048576K
}
Event: 10.033 GC heap before
{Heap before GC invocations=6 (full 0):
 garbage-first heap   total 32768K, used 20793K [0x00000000e1600000, 0x0000000100000000)
  region size 1024K, 16 young (16384K), 2 survivors (2048K)
 Metaspace       used 17478K, committed 17664K, reserved 1114112K
  class space    used 2282K, committed 2368K, reserved 1048576K
}

Deoptimization events (6 events):
Event: 4.362 Thread 0x000001a07c44c9e0 DEOPT PACKING pc=0x000001a07c6aa675 sp=0x0000004d1f2fda10
Event: 4.362 Thread 0x000001a07c44c9e0 DEOPT UNPACKING pc=0x000001a07c562b24 sp=0x0000004d1f2fce68 mode 3
Event: 7.623 Thread 0x000001a07c44c9e0 DEOPT PACKING pc=0x000001a07c965719 sp=0x0000004d1f2fd420
Event: 7.623 Thread 0x000001a07c44c9e0 DEOPT UNPACKING pc=0x000001a07c562b24 sp=0x0000004d1f2fc900 mode 3
Event: 8.638 Thread 0x000001a07c44c9e0 DEOPT PACKING pc=0x000001a07c9a995d sp=0x0000004d1f2fe7b0
Event: 8.638 Thread 0x000001a07c44c9e0 DEOPT UNPACKING pc=0x000001a07c562b24 sp=0x0000004d1f2fdd20 mode 3

Classes loaded (20 events):
Event: 8.427 Loading class java/net/SocketException
Event: 8.427 Loading class java/net/SocketException done
Event: 8.499 Loading class java/util/regex/Pattern$LazyLoop
Event: 8.499 Loading class java/util/regex/Pattern$Loop
Event: 8.500 Loading class java/util/regex/Pattern$Loop done
Event: 8.500 Loading class java/util/regex/Pattern$LazyLoop done
Event: 8.500 Loading class java/util/regex/Pattern$Prolog
Event: 8.501 Loading class java/util/regex/Pattern$Prolog done
Event: 8.524 Loading class java/lang/AssertionError
Event: 8.524 Loading class java/lang/AssertionError done
Event: 8.632 Loading class java/util/regex/Pattern$BnM
Event: 8.633 Loading class java/util/regex/Pattern$BnM done
Event: 8.634 Loading class java/util/regex/Pattern$Pos
Event: 8.634 Loading class java/util/regex/Pattern$Pos done
Event: 8.762 Loading class javax/naming/ldap/LdapContext
Event: 8.763 Loading class javax/naming/directory/DirContext
Event: 8.763 Loading class javax/naming/directory/DirContext done
Event: 8.763 Loading class javax/naming/ldap/LdapContext done
Event: 9.341 Loading class java/nio/charset/CharacterCodingException
Event: 9.342 Loading class java/nio/charset/CharacterCodingException done

Classes unloaded (0 events):
No events

Classes redefined (0 events):
No events

Internal exceptions (20 events):
Event: 8.133 Thread 0x000001a07c44c9e0 Exception <a 'java/lang/ClassNotFoundException'{0x00000000e30e4d60}: org/springframework/beans/factory/support/BeanDefinitionRegistryPostProcessorCustomizer> (0x00000000e30e4d60) 
thrown [s\open\src\hotspot\share\classfile\systemDictionary.cpp, line 255]
Event: 8.135 Thread 0x000001a07c44c9e0 Exception <a 'java/lang/ClassNotFoundException'{0x00000000e30e8f10}: org/springframework/beans/factory/config/BeanFactoryPostProcessorCustomizer> (0x00000000e30e8f10) 
thrown [s\open\src\hotspot\share\classfile\systemDictionary.cpp, line 255]
Event: 8.137 Thread 0x000001a07c44c9e0 Exception <a 'java/lang/ClassNotFoundException'{0x00000000e30ecfa8}: org/springframework/core/PriorityOrderedCustomizer> (0x00000000e30ecfa8) 
thrown [s\open\src\hotspot\share\classfile\systemDictionary.cpp, line 255]
Event: 8.138 Thread 0x000001a07c44c9e0 Exception <a 'java/lang/ClassNotFoundException'{0x00000000e30efce0}: org/springframework/core/OrderedCustomizer> (0x00000000e30efce0) 
thrown [s\open\src\hotspot\share\classfile\systemDictionary.cpp, line 255]
Event: 8.227 Thread 0x000001a07c44c9e0 Exception <a 'java/lang/ClassNotFoundException'{0x00000000e30f3bb0}: org/springframework/context/ResourceLoaderAwareCustomizer> (0x00000000e30f3bb0) 
thrown [s\open\src\hotspot\share\classfile\systemDictionary.cpp, line 255]
Event: 8.252 Thread 0x000001a07c44c9e0 Exception <a 'java/lang/ClassNotFoundException'{0x00000000e30f7c18}: org/springframework/beans/factory/AwareCustomizer> (0x00000000e30f7c18) 
thrown [s\open\src\hotspot\share\classfile\systemDictionary.cpp, line 255]
Event: 8.257 Thread 0x000001a07c44c9e0 Exception <a 'java/lang/ClassNotFoundException'{0x00000000e30fac08}: org/springframework/context/ApplicationStartupAwareCustomizer> (0x00000000e30fac08) 
thrown [s\open\src\hotspot\share\classfile\systemDictionary.cpp, line 255]
Event: 8.267 Thread 0x000001a07c44c9e0 Exception <a 'java/lang/ClassNotFoundException'{0x00000000e30feef8}: org/springframework/beans/factory/AwareCustomizer> (0x00000000e30feef8) 
thrown [s\open\src\hotspot\share\classfile\systemDictionary.cpp, line 255]
Event: 8.302 Thread 0x000001a07c44c9e0 Exception <a 'java/lang/ClassNotFoundException'{0x00000000e2f9b0f8}: org/springframework/beans/factory/BeanClassLoaderAwareCustomizer> (0x00000000e2f9b0f8) 
thrown [s\open\src\hotspot\share\classfile\systemDictionary.cpp, line 255]
Event: 8.308 Thread 0x000001a07c44c9e0 Exception <a 'java/lang/ClassNotFoundException'{0x00000000e2f9f148}: org/springframework/beans/factory/AwareCustomizer> (0x00000000e2f9f148) 
thrown [s\open\src\hotspot\share\classfile\systemDictionary.cpp, line 255]
Event: 8.327 Thread 0x000001a07c44c9e0 Exception <a 'java/lang/ClassNotFoundException'{0x00000000e2fa1f30}: org/springframework/context/EnvironmentAwareCustomizer> (0x00000000e2fa1f30) 
thrown [s\open\src\hotspot\share\classfile\systemDictionary.cpp, line 255]
Event: 8.341 Thread 0x000001a07c44c9e0 Exception <a 'java/lang/ClassNotFoundException'{0x00000000e2fa5f18}: org/springframework/beans/factory/AwareCustomizer> (0x00000000e2fa5f18) 
thrown [s\open\src\hotspot\share\classfile\systemDictionary.cpp, line 255]
Event: 8.637 Thread 0x000001a07c44c9e0 Implicit null exception at 0x000001a07c9a9243 to 0x000001a07c9a9958
Event: 8.676 Thread 0x000001a00eed8030 Exception <a 'java/lang/NoSuchMethodError'{0x00000000e29d7578}: 'long java.lang.invoke.DirectMethodHandle$Holder.invokeStatic(java.lang.Object, java.lang.Object)'> (0x00000000e29d7578) 
thrown [s\open\src\hotspot\share\interpreter\linkResolver.cpp, line 766]
Event: 8.678 Thread 0x000001a00eed8030 Exception <a 'java/lang/NoSuchMethodError'{0x00000000e29dab70}: 'long java.lang.invoke.DirectMethodHandle$Holder.invokeStaticInit(java.lang.Object, java.lang.Object)'> (0x00000000e29dab70) 
thrown [s\open\src\hotspot\share\interpreter\linkResolver.cpp, line 766]
Event: 8.684 Thread 0x000001a00eed8030 Exception <a 'java/lang/NoSuchMethodError'{0x00000000e29e8d30}: 'long java.lang.invoke.DirectMethodHandle$Holder.invokeInterface(java.lang.Object, java.lang.Object)'> (0x00000000e29e8d30) 
thrown [s\open\src\hotspot\share\interpreter\linkResolver.cpp, line 766]
Event: 8.685 Thread 0x000001a00eed8030 Exception <a 'java/lang/IncompatibleClassChangeError'{0x00000000e29ec2b8}: Found class java.lang.Object, but interface was expected> (0x00000000e29ec2b8) 
thrown [s\open\src\hotspot\share\interpreter\linkResolver.cpp, line 833]
Event: 8.722 Thread 0x000001a00eed8030 Exception <a 'java/lang/NoSuchMethodError'{0x00000000e28c14d8}: 'java.lang.Object java.lang.invoke.DirectMethodHandle$Holder.invokeVirtual(java.lang.Object, java.lang.Object, java.lang.Object, java.lang.Object)'> (0x00000000e28c14d8) 
thrown [s\open\src\hotspot\share\interpreter\linkResolver.cpp, line 766]
Event: 8.882 Thread 0x000001a07c44c9e0 Exception <a 'java/lang/IncompatibleClassChangeError'{0x00000000e333ec90}: Found class java.lang.Object, but interface was expected> (0x00000000e333ec90) 
thrown [s\open\src\hotspot\share\interpreter\linkResolver.cpp, line 833]
Event: 8.981 Thread 0x000001a07c44c9e0 Exception <a 'java/lang/NoSuchMethodError'{0x00000000e327e438}: 'void java.lang.invoke.DirectMethodHandle$Holder.invokeInterface(java.lang.Object, java.lang.Object, java.lang.Object, java.lang.Object)'> (0x00000000e327e438) 
thrown [s\open\src\hotspot\share\interpreter\linkResolver.cpp, line 766]

VM Operations (20 events):
Event: 5.646 Executing VM operation: HandshakeAllThreads done
Event: 5.930 Executing VM operation: G1CollectForAllocation
Event: 5.943 Executing VM operation: G1CollectForAllocation done
Event: 6.397 Executing VM operation: HandshakeAllThreads
Event: 6.397 Executing VM operation: HandshakeAllThreads done
Event: 7.409 Executing VM operation: Cleanup
Event: 7.429 Executing VM operation: Cleanup done
Event: 7.729 Executing VM operation: G1CollectForAllocation
Event: 7.745 Executing VM operation: G1CollectForAllocation done
Event: 7.966 Executing VM operation: HandshakeAllThreads
Event: 7.967 Executing VM operation: HandshakeAllThreads done
Event: 8.094 Executing VM operation: HandshakeAllThreads
Event: 8.094 Executing VM operation: HandshakeAllThreads done
Event: 8.434 Executing VM operation: HandshakeAllThreads
Event: 8.434 Executing VM operation: HandshakeAllThreads done
Event: 8.730 Executing VM operation: G1CollectForAllocation
Event: 8.744 Executing VM operation: G1CollectForAllocation done
Event: 9.721 Executing VM operation: HandshakeAllThreads
Event: 9.721 Executing VM operation: HandshakeAllThreads done
Event: 10.032 Executing VM operation: G1CollectForAllocation

Events (20 events):
Event: 0.290 Thread 0x000001a07fda8510 Thread added: 0x000001a07fda8510
Event: 0.290 Thread 0x000001a07fda8dc0 Thread added: 0x000001a07fda8dc0
Event: 0.296 Thread 0x000001a07fddc280 Thread added: 0x000001a07fddc280
Event: 0.613 Thread 0x000001a07fd9bf40 Thread added: 0x000001a07fd9bf40
Event: 0.739 Thread 0x000001a07febe8f0 Thread added: 0x000001a07febe8f0
Event: 0.800 Loaded shared library C:\Program Files\Java\jdk-18.0.1.1\bin\jimage.dll
Event: 0.860 Loaded shared library C:\Program Files\Java\jdk-18.0.1.1\bin\net.dll
Event: 0.888 Loaded shared library C:\Program Files\Java\jdk-18.0.1.1\bin\nio.dll
Event: 0.910 Loaded shared library C:\Program Files\Java\jdk-18.0.1.1\bin\zip.dll
Event: 2.165 Loaded shared library C:\Program Files\Java\jdk-18.0.1.1\bin\management.dll
Event: 2.242 Loaded shared library C:\Program Files\Java\jdk-18.0.1.1\bin\management_ext.dll
Event: 3.050 Thread 0x000001a00e734800 Thread added: 0x000001a00e734800
Event: 3.298 Thread 0x000001a00e73d910 Thread added: 0x000001a00e73d910
Event: 3.370 Thread 0x000001a00e73c200 Thread added: 0x000001a00e73c200
Event: 3.496 Thread 0x000001a00e7cf450 Thread added: 0x000001a00e7cf450
Event: 3.631 Loaded shared library C:\Program Files\Java\jdk-18.0.1.1\bin\verify.dll
Event: 6.168 Thread 0x000001a00eed8030 Thread added: 0x000001a00eed8030
Event: 8.710 Thread 0x000001a00ef82b60 Thread added: 0x000001a00ef82b60
Event: 8.746 Thread 0x000001a00eed8030 Thread exited: 0x000001a00eed8030
Event: 8.789 Thread 0x000001a00ef82b60 Thread exited: 0x000001a00ef82b60


Dynamic libraries:
0x00007ff6a1b30000 - 0x00007ff6a1b40000 	C:\Program Files\Java\jdk-18.0.1.1\bin\javaw.exe
0x00007ff91d670000 - 0x00007ff91d867000 	C:\WINDOWS\SYSTEM32\ntdll.dll
0x00007ff91c200000 - 0x00007ff91c2bd000 	C:\WINDOWS\System32\KERNEL32.DLL
0x00007ff91ad90000 - 0x00007ff91b05d000 	C:\WINDOWS\System32\KERNELBASE.dll
0x00007ff91b300000 - 0x00007ff91b400000 	C:\WINDOWS\System32\ucrtbase.dll
0x00007ff911210000 - 0x00007ff911228000 	C:\Program Files\Java\jdk-18.0.1.1\bin\jli.dll
0x00007ff91ca00000 - 0x00007ff91caae000 	C:\WINDOWS\System32\ADVAPI32.dll
0x00007ff91b780000 - 0x00007ff91b81e000 	C:\WINDOWS\System32\msvcrt.dll
0x00007ff91c2c0000 - 0x00007ff91c35c000 	C:\WINDOWS\System32\sechost.dll
0x00007ff91cda0000 - 0x00007ff91cec5000 	C:\WINDOWS\System32\RPCRT4.dll
0x00007ff91cae0000 - 0x00007ff91cc80000 	C:\WINDOWS\System32\USER32.dll
0x00007ff91b060000 - 0x00007ff91b082000 	C:\WINDOWS\System32\win32u.dll
0x00007ff91ba80000 - 0x00007ff91baaa000 	C:\WINDOWS\System32\GDI32.dll
0x00007ff91b1f0000 - 0x00007ff91b2fb000 	C:\WINDOWS\System32\gdi32full.dll
0x00007ff91b120000 - 0x00007ff91b1bd000 	C:\WINDOWS\System32\msvcp_win.dll
0x00007ff90cb60000 - 0x00007ff90cdfa000 	C:\WINDOWS\WinSxS\amd64_microsoft.windows.common-controls_6595b64144ccf1df_6.0.19041.1110_none_60b5254171f9507e\COMCTL32.dll
0x00007ff8fc240000 - 0x00007ff8fc25a000 	C:\Program Files\Java\jdk-18.0.1.1\bin\VCRUNTIME140.dll
0x00007ff90b680000 - 0x00007ff90b68a000 	C:\WINDOWS\SYSTEM32\VERSION.dll
0x00007ff91cab0000 - 0x00007ff91cae0000 	C:\WINDOWS\System32\IMM32.DLL
0x00007ff910590000 - 0x00007ff91059c000 	C:\Program Files\Java\jdk-18.0.1.1\bin\vcruntime140_1.dll
0x00007ff8f1410000 - 0x00007ff8f149d000 	C:\Program Files\Java\jdk-18.0.1.1\bin\msvcp140.dll
0x00007ff8e0be0000 - 0x00007ff8e17f0000 	C:\Program Files\Java\jdk-18.0.1.1\bin\server\jvm.dll
0x00007ff91ced0000 - 0x00007ff91ced8000 	C:\WINDOWS\System32\PSAPI.DLL
0x00007ff919510000 - 0x00007ff919519000 	C:\WINDOWS\SYSTEM32\WSOCK32.dll
0x00007ff91d490000 - 0x00007ff91d4fb000 	C:\WINDOWS\System32\WS2_32.dll
0x00007ff913750000 - 0x00007ff913777000 	C:\WINDOWS\SYSTEM32\WINMM.dll
0x00007ff919920000 - 0x00007ff919932000 	C:\WINDOWS\SYSTEM32\kernel.appcore.dll
0x00007ff9100e0000 - 0x00007ff9100ea000 	C:\Program Files\Java\jdk-18.0.1.1\bin\jimage.dll
0x00007ff919300000 - 0x00007ff9194e4000 	C:\WINDOWS\SYSTEM32\DBGHELP.DLL
0x00007ff90b3d0000 - 0x00007ff90b3fc000 	C:\WINDOWS\SYSTEM32\dbgcore.DLL
0x00007ff91b090000 - 0x00007ff91b112000 	C:\WINDOWS\System32\bcryptPrimitives.dll
0x00007ff8f7090000 - 0x00007ff8f70b5000 	C:\Program Files\Java\jdk-18.0.1.1\bin\java.dll
0x00007ff8e8350000 - 0x00007ff8e8426000 	C:\Program Files\Java\jdk-18.0.1.1\bin\jsvml.dll
0x00007ff91bab0000 - 0x00007ff91c1f4000 	C:\WINDOWS\System32\SHELL32.dll
0x00007ff918aa0000 - 0x00007ff919234000 	C:\WINDOWS\SYSTEM32\windows.storage.dll
0x00007ff91c360000 - 0x00007ff91c6b4000 	C:\WINDOWS\System32\combase.dll
0x00007ff91a720000 - 0x00007ff91a74c000 	C:\WINDOWS\SYSTEM32\Wldp.dll
0x00007ff91b6d0000 - 0x00007ff91b77d000 	C:\WINDOWS\System32\SHCORE.dll
0x00007ff91c9a0000 - 0x00007ff91c9f5000 	C:\WINDOWS\System32\shlwapi.dll
0x00007ff91acd0000 - 0x00007ff91acef000 	C:\WINDOWS\SYSTEM32\profapi.dll
0x00007ff8fae30000 - 0x00007ff8fae43000 	C:\Program Files\Java\jdk-18.0.1.1\bin\net.dll
0x00007ff90c970000 - 0x00007ff90ca7a000 	C:\WINDOWS\SYSTEM32\WINHTTP.dll
0x00007ff91a480000 - 0x00007ff91a4ea000 	C:\WINDOWS\system32\mswsock.dll
0x00007ff8f9eb0000 - 0x00007ff8f9ec6000 	C:\Program Files\Java\jdk-18.0.1.1\bin\nio.dll
0x00007ff8f7350000 - 0x00007ff8f7368000 	C:\Program Files\Java\jdk-18.0.1.1\bin\zip.dll
0x00007ff913a00000 - 0x00007ff913a09000 	C:\Program Files\Java\jdk-18.0.1.1\bin\management.dll
0x00007ff9100f0000 - 0x00007ff9100fb000 	C:\Program Files\Java\jdk-18.0.1.1\bin\management_ext.dll
0x00007ff9076f0000 - 0x00007ff907707000 	C:\WINDOWS\system32\napinsp.dll
0x00007ff907710000 - 0x00007ff90772b000 	C:\WINDOWS\system32\pnrpnsp.dll
0x00007ff8fcb60000 - 0x00007ff8fcb75000 	C:\WINDOWS\system32\wshbth.dll
0x00007ff915d50000 - 0x00007ff915d6d000 	C:\WINDOWS\system32\NLAapi.dll
0x00007ff91a170000 - 0x00007ff91a1ab000 	C:\WINDOWS\SYSTEM32\IPHLPAPI.DLL
0x00007ff91a1b0000 - 0x00007ff91a27b000 	C:\WINDOWS\SYSTEM32\DNSAPI.dll
0x00007ff91cca0000 - 0x00007ff91cca8000 	C:\WINDOWS\System32\NSI.dll
0x00007ff907730000 - 0x00007ff907742000 	C:\WINDOWS\System32\winrnr.dll
0x00007ff908ba0000 - 0x00007ff908baa000 	C:\Windows\System32\rasadhlp.dll
0x00007ff90a060000 - 0x00007ff90a0e0000 	C:\WINDOWS\System32\fwpuclnt.dll
0x00007ff91b1c0000 - 0x00007ff91b1e7000 	C:\WINDOWS\System32\bcrypt.dll
0x00007ff91a670000 - 0x00007ff91a688000 	C:\WINDOWS\SYSTEM32\CRYPTSP.dll
0x00007ff919e00000 - 0x00007ff919e34000 	C:\WINDOWS\system32\rsaenh.dll
0x00007ff91ac50000 - 0x00007ff91ac7e000 	C:\WINDOWS\SYSTEM32\USERENV.dll
0x00007ff91a690000 - 0x00007ff91a69c000 	C:\WINDOWS\SYSTEM32\CRYPTBASE.dll
0x00007ff90ffc0000 - 0x00007ff90ffd7000 	C:\WINDOWS\SYSTEM32\dhcpcsvc6.DLL
0x00007ff910790000 - 0x00007ff9107ad000 	C:\WINDOWS\SYSTEM32\dhcpcsvc.DLL
0x00007ff90ff00000 - 0x00007ff90ff10000 	C:\Program Files\Java\jdk-18.0.1.1\bin\verify.dll

dbghelp: loaded successfully - version: 4.0.5 - missing functions: none
symbol engine: initialized successfully - sym options: 0x614 - pdb path: .;C:\Program Files\Java\jdk-18.0.1.1\bin;C:\WINDOWS\SYSTEM32;C:\WINDOWS\WinSxS\amd64_microsoft.windows.common-controls_6595b64144ccf1df_6.0.19041.1110_none_60b5254171f9507e;C:\Program Files\Java\jdk-18.0.1.1\bin\server

VM Arguments:
jvm_args: -Dcom.sun.management.jmxremote -Dcom.sun.management.jmxremote.port=52217 -Dcom.sun.management.jmxremote.authenticate=false -Dcom.sun.management.jmxremote.ssl=false -Djava.rmi.server.hostname=localhost -Dspring.jmx.enabled=true -Dspring.liveBeansView.mbeanDomain -Dspring.application.admin.enabled=true -XX:TieredStopAtLevel=1 -Dspring.boot.project.name=demo-2 -Dfile.encoding=UTF-8 -XX:+ShowCodeDetailsInExceptionMessages 
java_command: com.example.demo.Demo2Application --spring.output.ansi.enabled=always
java_class_path (initial): C:\Users\user\Desktop\spring\demo-2\bin\main;C:\Users\user\.gradle\caches\modules-2\files-2.1\org.springframework.boot\spring-boot-starter-thymeleaf\2.7.1\76b36fc78c80ca34832b670e6551845a0c76ce44\spring-boot-starter-thymeleaf-2.7.1.jar;C:\Users\user\.gradle\caches\modules-2\files-2.1\org.springframework.boot\spring-boot-starter-web\2.7.1\29f47f503f9955b1a9746870aeaebdba448416d\spring-boot-starter-web-2.7.1.jar;C:\Users\user\.gradle\caches\modules-2\files-2.1\org.springframework.boot\spring-boot-starter-json\2.7.1\711889df8474d7f0271b1e25cd75a9249e0a4621\spring-boot-starter-json-2.7.1.jar;C:\Users\user\.gradle\caches\modules-2\files-2.1\org.springframework.boot\spring-boot-starter\2.7.1\48f7e04459ccc16d3532bfc486c1b6d629e6e0fc\spring-boot-starter-2.7.1.jar;C:\Users\user\.gradle\caches\modules-2\files-2.1\org.thymeleaf\thymeleaf-spring5\3.0.15.RELEASE\7170e1bcd1588d38c139f7048ebcc262676441c3\thymeleaf-spring5-3.0.15.RELEASE.jar;C:\Users\user\.gradle\caches\modules-2\files-2.1\org.thymeleaf.extras\thymeleaf-extras-java8time\3.0.4.RELEASE\36e7175ddce36c486fff4578b5af7bb32f54f5df\thymeleaf-extras-java8time-3.0.4.RELEASE.jar;C:\Users\user\.gradle\caches\modules-2\files-2.1\org.springframework.boot\spring-boot-starter-tomcat\2.7.1\c99fe94b685f1707907afb84ecb998ac13271ead\spring-boot-starter-tomcat-2.7.1.jar;C:\Users\user\.gradle\caches\modules-2\files-2.1\org.springframework\spring-webmvc\5.3.21\a62db425cc29c48e138846e706ca37acb138ca13\spring-webmvc-5.3.21.jar;C:\Users\user\.gradle\caches\modules-2\files-2.1\org.springframework\spring-web\5.3.21\317aadd37f70ba34ff93d068343e3110b5dcf2f\spring-web-5.3.21.jar;C:\Users\user\.gradle\caches\modules-2\files-2.1\org.springframework.boot\spring-boot-autoconfigure\2.7.1\923ad789b004e8cc17d67853b1e4d3db11946f0\spring-boot-autoconfigure-2.7.1.jar;C:\Users\user\.gradle\caches\modules-2\files-2.1\org.springframework.boot\spring-boot\2.7.1\8e49b8e7e9ea470a7772f489532264732ab206a2\spring-boot-2.7.1.jar;C:\Users\user\.gradle\caches\modules-2\files-2.1\org.springframework.boot\spring-boot-starter-logging\2.7.1\461cf82dc10505f47d3ce2146bd01721177cde4a\spring-boot-starter-logging-2.7.1.jar;C:\Users\user\.gradle\caches\modules-2\files-2.1\jakarta.annotation\jakarta.annotation-api\1.3.5\59eb84ee0d616332ff44aba065f3888cf002cd2d\jakarta.annotation-api-1.3.5.jar;C:\Users\user\.gradle\caches\modules-2\files-2.1\org.springframework\spring-context\5.3.21\fe371c85f02b8c6690fc3b3d0950ef4f965db0cd\spring-context-5.3.21.jar;C:\Users\user\.gradle\caches\modules-2\files-2.1\org.springframework\spring-expression\5.3.21\ca8c5822fc528066ec717f1e74160a1575c43192\spring-expression-5.3.21.jar;C:\Users\user\.gradle\caches\modules-2\files-2.1\org.springframework\spring-aop\5.3.21\58ec4ff7a0ce30a1e2612f04ad0fb13ea806705\spring-aop-5.3.21.jar;C:\Users\user\.gradle\caches\modules-2\files-2.1\org.springframework\spring-beans\5.3.21\e3eae7e6d211381642a0b7507a5215e3ac1b32e1\spring-beans-5.3.21.jar;C:\Users\user\.gradle\caches\modules-2\files-2.1\org.springframework\spring-core\5.3.21\1b0c9be6b972e4c615f175c70fc32e80557e68e8\spring-core-5.3.21.jar;C:\Users\user\.gradle\caches\modules-2\files-2.1\org.yaml\snakeyaml\1.30\8fde7fe2586328ac3c68db92045e1c8759125000\snakeyaml-1.30.jar;C:\Users\user\.gradle\caches\modules-2\files-2.1\org.thymeleaf\thymeleaf\3.0.15.RELEASE\13e3296a03d8a597b734d832ed8656139bf9cdd8\thymeleaf-3.0.15.RELEASE.jar;C:\Users\user\.gradle\caches\modules-2\files-2.1\ch.qos.logback\logback-classic\1.2.11\4741689214e9d1e8408b206506cbe76d1c6a7d60\logback-classic-1.2.11.jar;C:\Users\user\.gradle\caches\modules-2\files-2.1\org.apache.logging.log4j\log4j-to-slf4j\2.17.2\17dd0fae2747d9a28c67bc9534108823d2376b46\log4j-to-slf4j-2.17.2.jar;C:\Users\user\.gradle\caches\modules-2\files-2.1\org.slf4j\jul-to-slf4j\1.7.36\ed46d81cef9c412a88caef405b58f93a678ff2ca\jul-to-slf4j-1.7.36.jar;C:\Users\user\.gradle\caches\modules-2\files-2.1\org.slf4j\slf4j-api\1.7.36\6c62681a2f655b49963a5983b8b0950a6120ae14\slf4j-api-1.7.36.jar;C:\Users\user\.gradle\caches\modules-2\files-2.1\com.fasterxml.jackson.datatype\jackson-datatype-jsr310\2.13.3\ad2f4c61aeb9e2a8bb5e4a3ed782cfddec52d972\jackson-datatype-jsr310-2.13.3.jar;C:\Users\user\.gradle\caches\modules-2\files-2.1\com.fasterxml.jackson.module\jackson-module-parameter-names\2.13.3\f71c4ecc1a403787c963f68bc619b78ce1d2687b\jackson-module-parameter-names-2.13.3.jar;C:\Users\user\.gradle\caches\modules-2\files-2.1\com.fasterxml.jackson.core\jackson-annotations\2.13.3\7198b3aac15285a49e218e08441c5f70af00fc51\jackson-annotations-2.13.3.jar;C:\Users\user\.gradle\caches\modules-2\files-2.1\com.fasterxml.jackson.core\jackson-core\2.13.3\a27014716e4421684416e5fa83d896ddb87002da\jackson-core-2.13.3.jar;C:\Users\user\.gradle\caches\modules-2\files-2.1\com.fasterxml.jackson.datatype\jackson-datatype-jdk8\2.13.3\d4884595d5aab5babdb00ddbd693b8fd36b5ec3c\jackson-datatype-jdk8-2.13.3.jar;C:\Users\user\.gradle\caches\modules-2\files-2.1\com.fasterxml.jackson.core\jackson-databind\2.13.3\56deb9ea2c93a7a556b3afbedd616d342963464e\jackson-databind-2.13.3.jar;C:\Users\user\.gradle\caches\modules-2\files-2.1\org.apache.tomcat.embed\tomcat-embed-websocket\9.0.64\2a5e4f1f04830f2bfd01108ddc59a451c4baef34\tomcat-embed-websocket-9.0.64.jar;C:\Users\user\.gradle\caches\modules-2\files-2.1\org.apache.tomcat.embed\tomcat-embed-core\9.0.64\2d91a06d1b93ba13a2cca9e9ea7c143a64037351\tomcat-embed-core-9.0.64.jar;C:\Users\user\.gradle\caches\modules-2\files-2.1\org.apache.tomcat.embed\tomcat-embed-el\9.0.64\227363669235feab54519102af723a54d1a7850e\tomcat-embed-el-9.0.64.jar;C:\Users\user\.gradle\caches\modules-2\files-2.1\org.springframework\spring-jcl\5.3.21\b41a2888c0e708f9fd12cf9cc0c29cebbcab2e5e\spring-jcl-5.3.21.jar;C:\Users\user\.gradle\caches\modules-2\files-2.1\org.attoparser\attoparser\2.0.5.RELEASE\a93ad36df9560de3a5312c1d14f69d938099fa64\attoparser-2.0.5.RELEASE.jar;C:\Users\user\.gradle\caches\modules-2\files-2.1\org.unbescape\unbescape\1.1.6.RELEASE\7b90360afb2b860e09e8347112800d12c12b2a13\unbescape-1.1.6.RELEASE.jar;C:\Users\user\.gradle\caches\modules-2\files-2.1\ch.qos.logback\logback-core\1.2.11\a01230df5ca5c34540cdaa3ad5efb012f1f1f792\logback-core-1.2.11.jar;C:\Users\user\.gradle\caches\modules-2\files-2.1\org.apache.logging.log4j\log4j-api\2.17.2\f42d6afa111b4dec5d2aea0fe2197240749a4ea6\log4j-api-2.17.2.jar
Launcher Type: SUN_STANDARD

[Global flags]
     intx CICompilerCount                          = 2                                         {product} {ergonomic}
     uint ConcGCThreads                            = 1                                         {product} {ergonomic}
     uint G1ConcRefinementThreads                  = 2                                         {product} {ergonomic}
   size_t G1HeapRegionSize                         = 1048576                                   {product} {ergonomic}
    uintx GCDrainStackTargetSize                   = 64                                        {product} {ergonomic}
   size_t InitialHeapSize                          = 33554432                                  {product} {ergonomic}
     bool ManagementServer                         = true                                      {product} {command line}
   size_t MarkStackSize                            = 4194304                                   {product} {ergonomic}
   size_t MaxHeapSize                              = 513802240                                 {product} {ergonomic}
   size_t MaxNewSize                               = 308281344                                 {product} {ergonomic}
   size_t MinHeapDeltaBytes                        = 1048576                                   {product} {ergonomic}
   size_t MinHeapSize                              = 8388608                                   {product} {ergonomic}
    uintx NonProfiledCodeHeapSize                  = 0                                      {pd product} {ergonomic}
     bool ProfileInterpreter                       = false                                  {pd product} {command line}
    uintx ProfiledCodeHeapSize                     = 0                                      {pd product} {ergonomic}
     bool ShowCodeDetailsInExceptionMessages       = true                                   {manageable} {command line}
   size_t SoftMaxHeapSize                          = 513802240                              {manageable} {ergonomic}
     intx TieredStopAtLevel                        = 1                                         {product} {command line}
     bool UseCompressedClassPointers               = true                           {product lp64_product} {ergonomic}
     bool UseCompressedOops                        = true                           {product lp64_product} {ergonomic}
     bool UseG1GC                                  = true                                      {product} {ergonomic}
     bool UseLargePagesIndividualAllocation        = false                                  {pd product} {ergonomic}

Logging:
Log output configuration:
 #0: stdout all=warning uptime,level,tags foldmultilines=false
 #1: stderr all=off uptime,level,tags foldmultilines=false

Environment Variables:
PATH=C:\Program Files\Common Files\Oracle\Java\javapath;C:\Program Files (x86)\Intel\TXE Components\TCS\;C:\Program Files\Intel\TXE Components\TCS\;C:\WINDOWS\system32;C:\WINDOWS;C:\WINDOWS\System32\Wbem;C:\WINDOWS\System32\WindowsPowerShell\v1.0\;C:\Program Files\Intel\TXE Components\DAL\;C:\Program Files (x86)\Intel\TXE Components\DAL\;C:\Program Files\Intel\TXE Components\IPT\;C:\Program Files (x86)\Intel\TXE Components\IPT\;C:\WINDOWS\System32\OpenSSH\;C:\Program Files\Git\cmd;C:\xampp\mysql\bin;C:\Users\user\AppData\Local\Microsoft\WindowsApps;;C:\Users\user\AppData\Local\Programs\Microsoft VS Code\bin;C:\Users\user\AppData\Local\Programs\Microsoft VS Code Insiders\bin
USERNAME=user
OS=Windows_NT
PROCESSOR_IDENTIFIER=Intel64 Family 6 Model 76 Stepping 3, GenuineIntel



---------------  S Y S T E M  ---------------

OS:
 Windows 10 , 64 bit Build 19041 (10.0.19041.1741)
OS uptime: 3 days 23:32 hours

CPU: total 2 (initial active 2) (2 cores per cpu, 1 threads per core) family 6 model 76 stepping 3 microcode 0x368, cx8, cmov, fxsr, mmx, 3dnowpref, sse, sse2, sse3, ssse3, sse4.1, sse4.2, popcnt, tsc, tscinvbit, aes, erms, clmul, clflush

Memory: 4k page, system-wide physical 1954M (328M free)
TotalPageFile size 6050M (AvailPageFile size 8M)
current process WorkingSet (physical memory assigned to process): 86M, peak: 86M
current process commit charge ("private bytes"): 123M, peak: 130M

vm_info: Java HotSpot(TM) 64-Bit Server VM (18.0.1.1+2-6) for windows-amd64 JRE (18.0.1.1+2-6), built on Apr 25 2022 21:53:15 by "mach5one" with MS VC++ 16.8 / 16.9 (VS2019)

END.
