#
# There is insufficient memory for the Java Runtime Environment to continue.
# Native memory allocation (malloc) failed to allocate 8256 bytes for AllocateHeap
# Possible reasons:
#   The system is out of physical RAM or swap space
#   The process is running with CompressedOops enabled, and the Java Heap may be blocking the growth of the native heap
# Possible solutions:
#   Reduce memory load on the system
#   Increase physical memory or swap space
#   Check if swap backing store is full
#   Decrease Java heap size (-Xmx/-Xms)
#   Decrease number of Java threads
#   Decrease Java thread stack sizes (-Xss)
#   Set larger code cache with -XX:ReservedCodeCacheSize=
#   JVM is running with Unscaled Compressed Oops mode in which the Java heap is
#     placed in the first 4GB address space. The Java Heap base address is the
#     maximum limit for the native heap growth. Please use -XX:HeapBaseMinAddress
#     to set the Java Heap base and to place the Java Heap above 4GB virtual address.
# This output file may be truncated or incomplete.
#
#  Out of Memory Error (allocation.cpp:44), pid=7228, tid=9428
#
# JRE version: Java(TM) SE Runtime Environment (18.0.1.1+2) (build 18.0.1.1+2-6)
# Java VM: Java HotSpot(TM) 64-Bit Server VM (18.0.1.1+2-6, mixed mode, emulated-client, sharing, tiered, compressed oops, compressed class ptrs, g1 gc, windows-amd64)
# No core dump will be written. Minidumps are not enabled by default on client versions of Windows
#

---------------  S U M M A R Y ------------

Command Line: -Dcom.sun.management.jmxremote -Dcom.sun.management.jmxremote.port=52198 -Dcom.sun.management.jmxremote.authenticate=false -Dcom.sun.management.jmxremote.ssl=false -Djava.rmi.server.hostname=localhost -Dspring.jmx.enabled=true -Dspring.liveBeansView.mbeanDomain -Dspring.application.admin.enabled=true -XX:TieredStopAtLevel=1 -Dspring.boot.project.name=demo-2 -Dfile.encoding=UTF-8 -XX:+ShowCodeDetailsInExceptionMessages com.example.demo.Demo2Application --spring.output.ansi.enabled=always

Host: Intel(R) Celeron(R) CPU  N3050  @ 1.60GHz, 2 cores, 1G,  Windows 10 , 64 bit Build 19041 (10.0.19041.1741)
Time: Tue Jun 28 15:55:15 2022  Windows 10 , 64 bit Build 19041 (10.0.19041.1741) elapsed time: 13.927091 seconds (0d 0h 0m 13s)

---------------  T H R E A D  ---------------

Current thread (0x000002064abd83d0):  JavaThread "background-preinit" [_thread_in_vm, id=9428, stack(0x000000b171500000,0x000000b171600000)]

Stack: [0x000000b171500000,0x000000b171600000]
Native frames: (J=compiled Java code, j=interpreted, Vv=VM code, C=native code)
V  [jvm.dll+0x69887a]
V  [jvm.dll+0x7f38bd]
V  [jvm.dll+0x7f51ce]
V  [jvm.dll+0x7f5883]
V  [jvm.dll+0x25ca3f]
V  [jvm.dll+0xb3084]
V  [jvm.dll+0x7a92ff]
V  [jvm.dll+0x7a9c38]
V  [jvm.dll+0x7a5c71]
V  [jvm.dll+0x7a2717]
V  [jvm.dll+0x7a4753]
V  [jvm.dll+0x697725]
C  [ucrtbase.dll+0x21bb2]
C  [KERNEL32.DLL+0x17034]
C  [ntdll.dll+0x52651]


---------------  P R O C E S S  ---------------

Threads class SMR info:
_java_thread_list=0x000002064a8e3e40, length=15, elements={
0x0000020638239e40, 0x00000206382ec3f0, 0x00000206382edc00, 0x0000020645bb41d0,
0x0000020645bb4a80, 0x0000020645bb6340, 0x0000020645bb6bf0, 0x0000020645bb74a0,
0x0000020645bec970, 0x00000206382d7460, 0x0000020645cce570, 0x000002064a362b40,
0x000002064a35d030, 0x000002064a360b60, 0x000002064a8f7060
}
_to_delete_list=0x000002064a8e3ff0, length=16, elements={
0x0000020638239e40, 0x00000206382ec3f0, 0x00000206382edc00, 0x0000020645bb41d0,
0x0000020645bb4a80, 0x0000020645bb6340, 0x0000020645bb6bf0, 0x0000020645bb74a0,
0x0000020645bec970, 0x00000206382d7460, 0x0000020645cce570, 0x000002064a362b40,
0x000002064a35d030, 0x000002064a360b60, 0x000002064abd83d0, 0x000002064a8f7060
}

Java Threads: ( => current thread )
  0x0000020638239e40 JavaThread "main" [_thread_blocked, id=5568, stack(0x000000b16fe00000,0x000000b16ff00000)]
  0x00000206382ec3f0 JavaThread "Reference Handler" daemon [_thread_blocked, id=2552, stack(0x000000b170500000,0x000000b170600000)]
  0x00000206382edc00 JavaThread "Finalizer" daemon [_thread_blocked, id=7056, stack(0x000000b170600000,0x000000b170700000)]
  0x0000020645bb41d0 JavaThread "Signal Dispatcher" daemon [_thread_blocked, id=10044, stack(0x000000b170700000,0x000000b170800000)]
  0x0000020645bb4a80 JavaThread "Attach Listener" daemon [_thread_blocked, id=1044, stack(0x000000b170800000,0x000000b170900000)]
  0x0000020645bb6340 JavaThread "Service Thread" daemon [_thread_blocked, id=4240, stack(0x000000b170900000,0x000000b170a00000)]
  0x0000020645bb6bf0 JavaThread "Monitor Deflation Thread" daemon [_thread_blocked, id=1512, stack(0x000000b170a00000,0x000000b170b00000)]
  0x0000020645bb74a0 JavaThread "C1 CompilerThread0" daemon [_thread_blocked, id=8120, stack(0x000000b170b00000,0x000000b170c00000)]
  0x0000020645bec970 JavaThread "Sweeper thread" daemon [_thread_blocked, id=6224, stack(0x000000b170c00000,0x000000b170d00000)]
  0x00000206382d7460 JavaThread "Common-Cleaner" daemon [_thread_blocked, id=9940, stack(0x000000b170d00000,0x000000b170e00000)]
  0x0000020645cce570 JavaThread "Notification Thread" daemon [_thread_blocked, id=4572, stack(0x000000b170f00000,0x000000b171000000)]
  0x000002064a362b40 JavaThread "RMI TCP Accept-0" daemon [_thread_in_native, id=7340, stack(0x000000b171100000,0x000000b171200000)]
  0x000002064a35d030 JavaThread "RMI TCP Accept-52198" daemon [_thread_in_native, id=1656, stack(0x000000b171200000,0x000000b171300000)]
  0x000002064a360b60 JavaThread "RMI TCP Accept-0" daemon [_thread_in_native, id=6952, stack(0x000000b171300000,0x000000b171400000)]
  0x000002064a8f7060 JavaThread "Thread-0" [_thread_blocked, id=3864, stack(0x000000b170e00000,0x000000b170f00000)]

Other Threads:
  0x00000206382e9540 VMThread "VM Thread" [stack: 0x000000b170400000,0x000000b170500000] [id=7240]
  0x000002063823ade0 WatcherThread "VM Periodic Task Thread" [stack: 0x000000b171400000,0x000000b171500000] [id=10012]
  0x000002063826a530 WorkerThread "GC Thread#0" [stack: 0x000000b16ff00000,0x000000b170000000] [id=216]
  0x000002064a2d62d0 WorkerThread "GC Thread#1" [stack: 0x000000b171000000,0x000000b171100000] [id=10160]
  0x00000206382700c0 ConcurrentGCThread "G1 Main Marker" [stack: 0x000000b170000000,0x000000b170100000] [id=6844]
  0x0000020638271160 WorkerThread "G1 Conc#0" [stack: 0x000000b170100000,0x000000b170200000] [id=5924]
  0x00000206382880e0 ConcurrentGCThread "G1 Refine#0" [stack: 0x000000b170200000,0x000000b170300000] [id=6824]
  0x00000206382890a0 ConcurrentGCThread "G1 Service" [stack: 0x000000b170300000,0x000000b170400000] [id=1372]

=>0x000002064abd83d0 (exited) JavaThread "background-preinit" [_thread_in_vm, id=9428, stack(0x000000b171500000,0x000000b171600000)]

Threads with active compile tasks:

VM state: not at safepoint (normal execution)

VM Mutex/Monitor currently owned by a thread:  ([mutex/lock_event])
[0x0000020638235bd0] Threads_lock - owner thread: 0x000002064abd83d0
[0x0000020638236170] Heap_lock - owner thread: 0x0000020638239e40

Heap address: 0x00000000e1600000, size: 490 MB, Compressed Oops mode: 32-bit

CDS archive(s) mapped at: [0x0000000800000000-0x0000000800ba0000-0x0000000800ba0000), size 12189696, SharedBaseAddress: 0x0000000800000000, ArchiveRelocationMode: 0.
Compressed class space mapped at: 0x0000000800c00000-0x0000000840c00000, reserved size: 1073741824
Narrow klass base: 0x0000000800000000, Narrow klass shift: 0, Narrow klass range: 0x100000000

GC Precious Log:
 CardTable entry size: 512
 Card Set container configuration: InlinePtr #cards 5 size 8 Array Of Cards #cards 12 size 40 Howl #buckets 4 coarsen threshold 1843 Howl Bitmap #cards 512 size 80 coarsen threshold 460 Card regions per heap region 1 cards per card region 2048
 CPUs: 2 total, 2 available
 Memory: 1954M
 Large Page Support: Disabled
 NUMA Support: Disabled
 Compressed Oops: Enabled (32-bit)
 Heap Region Size: 1M
 Heap Min Capacity: 8M
 Heap Initial Capacity: 32M
 Heap Max Capacity: 490M
 Pre-touch: Disabled
 Parallel Workers: 2
 Concurrent Workers: 1
 Concurrent Refinement Workers: 2
 Periodic GC: Disabled

Heap:
 garbage-first heap   total 32768K, used 19954K [0x00000000e1600000, 0x0000000100000000)
  region size 1024K, 16 young (16384K), 2 survivors (2048K)
 Metaspace       used 16227K, committed 16448K, reserved 1114112K
  class space    used 2105K, committed 2176K, reserved 1048576K

Heap Regions: E=young(eden), S=young(survivor), O=old, HS=humongous(starts), HC=humongous(continues), CS=collection set, F=free, OA=open archive, CA=closed archive, TAMS=top-at-mark-start (previous, next)
|   0|0x00000000e1600000, 0x00000000e1700000, 0x00000000e1700000|100%| O|  |TAMS 0x00000000e1600000, 0x00000000e1600000| Untracked 
|   1|0x00000000e1700000, 0x00000000e1800000, 0x00000000e1800000|100%| O|  |TAMS 0x00000000e1700000, 0x00000000e1700000| Untracked 
|   2|0x00000000e1800000, 0x00000000e1900000, 0x00000000e1900000|100%| O|  |TAMS 0x00000000e1800000, 0x00000000e1800000| Untracked 
|   3|0x00000000e1900000, 0x00000000e1a00000, 0x00000000e1a00000|100%| O|  |TAMS 0x00000000e1900000, 0x00000000e1900000| Untracked 
|   4|0x00000000e1a00000, 0x00000000e1ad0200, 0x00000000e1b00000| 81%| O|  |TAMS 0x00000000e1a00000, 0x00000000e1a00000| Untracked 
|   5|0x00000000e1b00000, 0x00000000e1b00000, 0x00000000e1c00000|  0%| F|  |TAMS 0x00000000e1b00000, 0x00000000e1b00000| Untracked 
|   6|0x00000000e1c00000, 0x00000000e1c00000, 0x00000000e1d00000|  0%| F|  |TAMS 0x00000000e1c00000, 0x00000000e1c00000| Untracked 
|   7|0x00000000e1d00000, 0x00000000e1d00000, 0x00000000e1e00000|  0%| F|  |TAMS 0x00000000e1d00000, 0x00000000e1d00000| Untracked 
|   8|0x00000000e1e00000, 0x00000000e1e00000, 0x00000000e1f00000|  0%| F|  |TAMS 0x00000000e1e00000, 0x00000000e1e00000| Untracked 
|   9|0x00000000e1f00000, 0x00000000e1f00000, 0x00000000e2000000|  0%| F|  |TAMS 0x00000000e1f00000, 0x00000000e1f00000| Untracked 
|  10|0x00000000e2000000, 0x00000000e2000000, 0x00000000e2100000|  0%| F|  |TAMS 0x00000000e2000000, 0x00000000e2000000| Untracked 
|  11|0x00000000e2100000, 0x00000000e2100000, 0x00000000e2200000|  0%| F|  |TAMS 0x00000000e2100000, 0x00000000e2100000| Untracked 
|  12|0x00000000e2200000, 0x00000000e2200000, 0x00000000e2300000|  0%| F|  |TAMS 0x00000000e2200000, 0x00000000e2200000| Untracked 
|  13|0x00000000e2300000, 0x00000000e2300000, 0x00000000e2400000|  0%| F|  |TAMS 0x00000000e2300000, 0x00000000e2300000| Untracked 
|  14|0x00000000e2400000, 0x00000000e2400000, 0x00000000e2500000|  0%| F|  |TAMS 0x00000000e2400000, 0x00000000e2400000| Untracked 
|  15|0x00000000e2500000, 0x00000000e25ac660, 0x00000000e2600000| 67%| S|CS|TAMS 0x00000000e2500000, 0x00000000e2500000| Complete 
|  16|0x00000000e2600000, 0x00000000e2700000, 0x00000000e2700000|100%| S|CS|TAMS 0x00000000e2600000, 0x00000000e2600000| Complete 
|  17|0x00000000e2700000, 0x00000000e2700000, 0x00000000e2800000|  0%| F|  |TAMS 0x00000000e2700000, 0x00000000e2700000| Untracked 
|  18|0x00000000e2800000, 0x00000000e2900000, 0x00000000e2900000|100%| E|CS|TAMS 0x00000000e2800000, 0x00000000e2800000| Complete 
|  19|0x00000000e2900000, 0x00000000e2a00000, 0x00000000e2a00000|100%| E|CS|TAMS 0x00000000e2900000, 0x00000000e2900000| Complete 
|  20|0x00000000e2a00000, 0x00000000e2b00000, 0x00000000e2b00000|100%| E|CS|TAMS 0x00000000e2a00000, 0x00000000e2a00000| Complete 
|  21|0x00000000e2b00000, 0x00000000e2c00000, 0x00000000e2c00000|100%| E|CS|TAMS 0x00000000e2b00000, 0x00000000e2b00000| Complete 
|  22|0x00000000e2c00000, 0x00000000e2d00000, 0x00000000e2d00000|100%| E|CS|TAMS 0x00000000e2c00000, 0x00000000e2c00000| Complete 
|  23|0x00000000e2d00000, 0x00000000e2e00000, 0x00000000e2e00000|100%| E|CS|TAMS 0x00000000e2d00000, 0x00000000e2d00000| Complete 
|  24|0x00000000e2e00000, 0x00000000e2f00000, 0x00000000e2f00000|100%| E|  |TAMS 0x00000000e2e00000, 0x00000000e2e00000| Complete 
|  25|0x00000000e2f00000, 0x00000000e3000000, 0x00000000e3000000|100%| E|CS|TAMS 0x00000000e2f00000, 0x00000000e2f00000| Complete 
|  26|0x00000000e3000000, 0x00000000e3100000, 0x00000000e3100000|100%| E|CS|TAMS 0x00000000e3000000, 0x00000000e3000000| Complete 
|  27|0x00000000e3100000, 0x00000000e3200000, 0x00000000e3200000|100%| E|CS|TAMS 0x00000000e3100000, 0x00000000e3100000| Complete 
|  28|0x00000000e3200000, 0x00000000e3300000, 0x00000000e3300000|100%| E|CS|TAMS 0x00000000e3200000, 0x00000000e3200000| Complete 
|  29|0x00000000e3300000, 0x00000000e3400000, 0x00000000e3400000|100%| E|CS|TAMS 0x00000000e3300000, 0x00000000e3300000| Complete 
|  30|0x00000000e3400000, 0x00000000e3500000, 0x00000000e3500000|100%| E|CS|TAMS 0x00000000e3400000, 0x00000000e3400000| Complete 
|  31|0x00000000e3500000, 0x00000000e3600000, 0x00000000e3600000|100%| E|CS|TAMS 0x00000000e3500000, 0x00000000e3500000| Complete 

Card table byte_map: [0x0000020637d30000,0x0000020637e30000] _byte_map_base: 0x0000020637625000

Marking Bits (Prev, Next): (CMBitMap*) 0x000002063826ba50, (CMBitMap*) 0x000002063826ba90
 Prev Bits: [0x0000020642b70000, 0x0000020643318000)
 Next Bits: [0x0000020643320000, 0x0000020643ac8000)

Polling page: 0x0000020636040000

Metaspace:

Usage:
  Non-class:     13.79 MB used.
      Class:      2.06 MB used.
       Both:     15.85 MB used.

Virtual space:
  Non-class space:       64.00 MB reserved,      13.94 MB ( 22%) committed,  1 nodes.
      Class space:        1.00 GB reserved,       2.12 MB ( <1%) committed,  1 nodes.
             Both:        1.06 GB reserved,      16.06 MB (  1%) committed. 

Chunk freelists:
   Non-Class:  1.23 MB
       Class:  1.88 MB
        Both:  3.12 MB

MaxMetaspaceSize: unlimited
CompressedClassSpaceSize: 1.00 GB
Initial GC threshold: 21.00 MB
Current GC threshold: 21.00 MB
CDS: on
MetaspaceReclaimPolicy: balanced
 - commit_granule_bytes: 65536.
 - commit_granule_words: 8192.
 - virtual_space_node_default_size: 8388608.
 - enlarge_chunks_in_place: 1.
 - new_chunks_are_fully_committed: 0.
 - uncommit_free_chunks: 1.
 - use_allocation_guard: 0.


Internal statistics:

num_allocs_failed_limit: 0.
num_arena_births: 242.
num_arena_deaths: 0.
num_vsnodes_births: 2.
num_vsnodes_deaths: 0.
num_space_committed: 257.
num_space_uncommitted: 0.
num_chunks_returned_to_freelist: 0.
num_chunks_taken_from_freelist: 672.
num_chunk_merges: 0.
num_chunk_splits: 485.
num_chunks_enlarged: 390.
num_inconsistent_stats: 0.

CodeCache: size=49152Kb used=4083Kb max_used=4238Kb free=45068Kb
 bounds [0x000002063fb70000, 0x000002063ffa0000, 0x0000020642b70000]
 total_blobs=2484 nmethods=2011 adapters=401
 compilation: enabled
              stopped_count=0, restarted_count=0
 full_count=0

Compilation events (20 events):
Event: 13.173 Thread 0x0000020645bb74a0 1996   !   1       jdk.internal.reflect.DirectConstructorHandleAccessor::newInstance (148 bytes)
Event: 13.177 Thread 0x0000020645bb74a0 nmethod 1996 0x000002063fcc4490 code [0x000002063fcc4820, 0x000002063fcc5568]
Event: 13.177 Thread 0x0000020645bb74a0 1997       1       jdk.internal.reflect.DirectConstructorHandleAccessor::invokeImpl (107 bytes)
Event: 13.179 Thread 0x0000020645bb74a0 nmethod 1997 0x000002063fcc3710 code [0x000002063fcc39a0, 0x000002063fcc3f38]
Event: 13.201 Thread 0x0000020645bb74a0 1998   !   1       jdk.internal.loader.BuiltinClassLoader$2::run (114 bytes)
Event: 13.203 Thread 0x0000020645bb74a0 nmethod 1998 0x000002063fcc2d90 code [0x000002063fcc2fa0, 0x000002063fcc3418]
Event: 13.225 Thread 0x0000020645bb74a0 1999       1       sun.invoke.util.VerifyAccess::isModuleAccessible (97 bytes)
Event: 13.227 Thread 0x0000020645bb74a0 nmethod 1999 0x000002063fcc2310 code [0x000002063fcc2540, 0x000002063fcc2ac8]
Event: 13.262 Thread 0x0000020645bb74a0 2002       1       java.lang.invoke.BoundMethodHandle::bindArgumentL (11 bytes)
Event: 13.263 Thread 0x0000020645bb74a0 nmethod 2002 0x000002063fcc1810 code [0x000002063fcc19c0, 0x000002063fcc1bb8]
Event: 13.297 Thread 0x0000020645bb74a0 2003 %     1       java.util.Properties::load0 @ 29 (249 bytes)
Event: 13.299 Thread 0x0000020645bb74a0 nmethod 2003% 0x000002063fcc0d90 code [0x000002063fcc0f80, 0x000002063fcc14a8]
Event: 13.300 Thread 0x0000020645bb74a0 2004       1       java.util.Properties::load0 (249 bytes)
Event: 13.301 Thread 0x0000020645bb74a0 nmethod 2004 0x000002063fcc0510 code [0x000002063fcc0700, 0x000002063fcc0ac8]
Event: 13.478 Thread 0x0000020645bb74a0 2005       1       java.util.concurrent.ConcurrentHashMap$EntryIterator::next (5 bytes)
Event: 13.479 Thread 0x0000020645bb74a0 nmethod 2005 0x000002063fcc0210 code [0x000002063fcc03a0, 0x000002063fcc0488]
Event: 13.480 Thread 0x0000020645bb74a0 2006       1       java.util.concurrent.ConcurrentHashMap$EntryIterator::next (51 bytes)
Event: 13.481 Thread 0x0000020645bb74a0 nmethod 2006 0x000002063fcbfb90 code [0x000002063fcbfd40, 0x000002063fcc00d8]
Event: 13.493 Thread 0x0000020645bb74a0 2007       1       java.util.concurrent.ConcurrentHashMap$MapEntry::<init> (20 bytes)
Event: 13.494 Thread 0x0000020645bb74a0 nmethod 2007 0x000002063fcbf790 code [0x000002063fcbf920, 0x000002063fcbfaf8]

GC Heap History (10 events):
Event: 3.013 GC heap before
{Heap before GC invocations=0 (full 0):
 garbage-first heap   total 32768K, used 5120K [0x00000000e1600000, 0x0000000100000000)
  region size 1024K, 6 young (6144K), 0 survivors (0K)
 Metaspace       used 2353K, committed 2496K, reserved 1114112K
  class space    used 271K, committed 320K, reserved 1048576K
}
Event: 3.028 GC heap after
{Heap after GC invocations=1 (full 0):
 garbage-first heap   total 32768K, used 3043K [0x00000000e1600000, 0x0000000100000000)
  region size 1024K, 1 young (1024K), 1 survivors (1024K)
 Metaspace       used 2353K, committed 2496K, reserved 1114112K
  class space    used 271K, committed 320K, reserved 1048576K
}
Event: 4.073 GC heap before
{Heap before GC invocations=1 (full 0):
 garbage-first heap   total 32768K, used 6115K [0x00000000e1600000, 0x0000000100000000)
  region size 1024K, 4 young (4096K), 1 survivors (1024K)
 Metaspace       used 4783K, committed 4992K, reserved 1114112K
  class space    used 559K, committed 640K, reserved 1048576K
}
Event: 4.085 GC heap after
{Heap after GC invocations=2 (full 0):
 garbage-first heap   total 32768K, used 3936K [0x00000000e1600000, 0x0000000100000000)
  region size 1024K, 1 young (1024K), 1 survivors (1024K)
 Metaspace       used 4783K, committed 4992K, reserved 1114112K
  class space    used 559K, committed 640K, reserved 1048576K
}
Event: 5.267 GC heap before
{Heap before GC invocations=2 (full 0):
 garbage-first heap   total 32768K, used 11104K [0x00000000e1600000, 0x0000000100000000)
  region size 1024K, 8 young (8192K), 1 survivors (1024K)
 Metaspace       used 6843K, committed 7040K, reserved 1114112K
  class space    used 831K, committed 896K, reserved 1048576K
}
Event: 5.289 GC heap after
{Heap after GC invocations=3 (full 0):
 garbage-first heap   total 32768K, used 4935K [0x00000000e1600000, 0x0000000100000000)
  region size 1024K, 1 young (1024K), 1 survivors (1024K)
 Metaspace       used 6843K, committed 7040K, reserved 1114112K
  class space    used 831K, committed 896K, reserved 1048576K
}
Event: 7.777 GC heap before
{Heap before GC invocations=3 (full 0):
 garbage-first heap   total 32768K, used 15175K [0x00000000e1600000, 0x0000000100000000)
  region size 1024K, 11 young (11264K), 1 survivors (1024K)
 Metaspace       used 9279K, committed 9536K, reserved 1114112K
  class space    used 1224K, committed 1344K, reserved 1048576K
}
Event: 7.808 GC heap after
{Heap after GC invocations=4 (full 0):
 garbage-first heap   total 32768K, used 5912K [0x00000000e1600000, 0x0000000100000000)
  region size 1024K, 2 young (2048K), 2 survivors (2048K)
 Metaspace       used 9279K, committed 9536K, reserved 1114112K
  class space    used 1224K, committed 1344K, reserved 1048576K
}
Event: 11.657 GC heap before
{Heap before GC invocations=4 (full 0):
 garbage-first heap   total 32768K, used 18200K [0x00000000e1600000, 0x0000000100000000)
  region size 1024K, 15 young (15360K), 2 survivors (2048K)
 Metaspace       used 12815K, committed 13120K, reserved 1114112K
  class space    used 1645K, committed 1792K, reserved 1048576K
}
Event: 11.675 GC heap after
{Heap after GC invocations=5 (full 0):
 garbage-first heap   total 32768K, used 6642K [0x00000000e1600000, 0x0000000100000000)
  region size 1024K, 2 young (2048K), 2 survivors (2048K)
 Metaspace       used 12815K, committed 13120K, reserved 1114112K
  class space    used 1645K, committed 1792K, reserved 1048576K
}

Deoptimization events (4 events):
Event: 4.865 Thread 0x0000020638239e40 DEOPT PACKING pc=0x000002063fda29f5 sp=0x000000b16fefda00
Event: 4.865 Thread 0x0000020638239e40 DEOPT UNPACKING pc=0x000002063fbc2b24 sp=0x000000b16fefce58 mode 3
Event: 11.440 Thread 0x0000020638239e40 DEOPT PACKING pc=0x000002063fcf7819 sp=0x000000b16fefd440
Event: 11.440 Thread 0x0000020638239e40 DEOPT UNPACKING pc=0x000002063fbc2b24 sp=0x000000b16fefc920 mode 3

Classes loaded (20 events):
Event: 12.489 Loading class java/beans/GenericBeanInfo
Event: 12.490 Loading class java/beans/SimpleBeanInfo
Event: 12.492 Loading class java/beans/SimpleBeanInfo done
Event: 12.492 Loading class java/beans/GenericBeanInfo done
Event: 12.496 Loading class java/util/Hashtable$EntrySet
Event: 12.496 Loading class java/util/Hashtable$EntrySet done
Event: 12.661 Loading class java/net/SocketException
Event: 12.665 Loading class java/net/SocketException done
Event: 12.861 Loading class java/util/regex/Pattern$LazyLoop
Event: 12.864 Loading class java/util/regex/Pattern$Loop
Event: 12.865 Loading class java/util/regex/Pattern$Loop done
Event: 12.865 Loading class java/util/regex/Pattern$LazyLoop done
Event: 12.865 Loading class java/util/regex/Pattern$Prolog
Event: 12.866 Loading class java/util/regex/Pattern$Prolog done
Event: 12.904 Loading class java/lang/AssertionError
Event: 12.904 Loading class java/lang/AssertionError done
Event: 13.064 Loading class java/util/regex/Pattern$BnM
Event: 13.064 Loading class java/util/regex/Pattern$BnM done
Event: 13.065 Loading class java/util/regex/Pattern$Pos
Event: 13.065 Loading class java/util/regex/Pattern$Pos done

Classes unloaded (0 events):
No events

Classes redefined (0 events):
No events

Internal exceptions (20 events):
Event: 12.435 Thread 0x0000020638239e40 Exception <a 'java/lang/ClassNotFoundException'{0x00000000e308dc28}: java/lang/ObjectCustomizer> (0x00000000e308dc28) 
thrown [s\open\src\hotspot\share\classfile\systemDictionary.cpp, line 255]
Event: 12.453 Thread 0x0000020638239e40 Exception <a 'java/lang/IncompatibleClassChangeError'{0x00000000e30929d8}: Found class java.lang.Object, but interface was expected> (0x00000000e30929d8) 
thrown [s\open\src\hotspot\share\interpreter\linkResolver.cpp, line 833]
Event: 12.493 Thread 0x0000020638239e40 Exception <a 'java/lang/ClassNotFoundException'{0x00000000e2f500f0}: org/springframework/context/annotation/ConfigurationClassPostProcessorCustomizer> (0x00000000e2f500f0) 
thrown [s\open\src\hotspot\share\classfile\systemDictionary.cpp, line 255]
Event: 12.561 Thread 0x0000020638239e40 Exception <a 'java/lang/ClassNotFoundException'{0x00000000e2e1dff0}: org/springframework/beans/factory/support/BeanDefinitionRegistryPostProcessorCustomizer> (0x00000000e2e1dff0) 
thrown [s\open\src\hotspot\share\classfile\systemDictionary.cpp, line 255]
Event: 12.563 Thread 0x0000020638239e40 Exception <a 'java/lang/ClassNotFoundException'{0x00000000e2e221a0}: org/springframework/beans/factory/config/BeanFactoryPostProcessorCustomizer> (0x00000000e2e221a0) 
thrown [s\open\src\hotspot\share\classfile\systemDictionary.cpp, line 255]
Event: 12.565 Thread 0x0000020638239e40 Exception <a 'java/lang/ClassNotFoundException'{0x00000000e2e26238}: org/springframework/core/PriorityOrderedCustomizer> (0x00000000e2e26238) 
thrown [s\open\src\hotspot\share\classfile\systemDictionary.cpp, line 255]
Event: 12.566 Thread 0x0000020638239e40 Exception <a 'java/lang/ClassNotFoundException'{0x00000000e2e28f70}: org/springframework/core/OrderedCustomizer> (0x00000000e2e28f70) 
thrown [s\open\src\hotspot\share\classfile\systemDictionary.cpp, line 255]
Event: 12.568 Thread 0x0000020638239e40 Exception <a 'java/lang/ClassNotFoundException'{0x00000000e2e2ce40}: org/springframework/context/ResourceLoaderAwareCustomizer> (0x00000000e2e2ce40) 
thrown [s\open\src\hotspot\share\classfile\systemDictionary.cpp, line 255]
Event: 12.570 Thread 0x0000020638239e40 Exception <a 'java/lang/ClassNotFoundException'{0x00000000e2e30ea8}: org/springframework/beans/factory/AwareCustomizer> (0x00000000e2e30ea8) 
thrown [s\open\src\hotspot\share\classfile\systemDictionary.cpp, line 255]
Event: 12.571 Thread 0x0000020638239e40 Exception <a 'java/lang/ClassNotFoundException'{0x00000000e2e33e98}: org/springframework/context/ApplicationStartupAwareCustomizer> (0x00000000e2e33e98) 
thrown [s\open\src\hotspot\share\classfile\systemDictionary.cpp, line 255]
Event: 12.573 Thread 0x0000020638239e40 Exception <a 'java/lang/ClassNotFoundException'{0x00000000e2e38230}: org/springframework/beans/factory/AwareCustomizer> (0x00000000e2e38230) 
thrown [s\open\src\hotspot\share\classfile\systemDictionary.cpp, line 255]
Event: 12.574 Thread 0x0000020638239e40 Exception <a 'java/lang/ClassNotFoundException'{0x00000000e2e3b248}: org/springframework/beans/factory/BeanClassLoaderAwareCustomizer> (0x00000000e2e3b248) 
thrown [s\open\src\hotspot\share\classfile\systemDictionary.cpp, line 255]
Event: 12.597 Thread 0x0000020638239e40 Exception <a 'java/lang/ClassNotFoundException'{0x00000000e2e3f298}: org/springframework/beans/factory/AwareCustomizer> (0x00000000e2e3f298) 
thrown [s\open\src\hotspot\share\classfile\systemDictionary.cpp, line 255]
Event: 12.598 Thread 0x0000020638239e40 Exception <a 'java/lang/ClassNotFoundException'{0x00000000e2e42080}: org/springframework/context/EnvironmentAwareCustomizer> (0x00000000e2e42080) 
thrown [s\open\src\hotspot\share\classfile\systemDictionary.cpp, line 255]
Event: 12.600 Thread 0x0000020638239e40 Exception <a 'java/lang/ClassNotFoundException'{0x00000000e2e46068}: org/springframework/beans/factory/AwareCustomizer> (0x00000000e2e46068) 
thrown [s\open\src\hotspot\share\classfile\systemDictionary.cpp, line 255]
Event: 13.251 Thread 0x000002064abd83d0 Exception <a 'java/lang/NoSuchMethodError'{0x00000000e290ef40}: 'long java.lang.invoke.DirectMethodHandle$Holder.invokeStatic(java.lang.Object, java.lang.Object)'> (0x00000000e290ef40) 
thrown [s\open\src\hotspot\share\interpreter\linkResolver.cpp, line 766]
Event: 13.251 Thread 0x000002064abd83d0 Exception <a 'java/lang/NoSuchMethodError'{0x00000000e2912538}: 'long java.lang.invoke.DirectMethodHandle$Holder.invokeStaticInit(java.lang.Object, java.lang.Object)'> (0x00000000e2912538) 
thrown [s\open\src\hotspot\share\interpreter\linkResolver.cpp, line 766]
Event: 13.259 Thread 0x000002064abd83d0 Exception <a 'java/lang/NoSuchMethodError'{0x00000000e29206a0}: 'long java.lang.invoke.DirectMethodHandle$Holder.invokeInterface(java.lang.Object, java.lang.Object)'> (0x00000000e29206a0) 
thrown [s\open\src\hotspot\share\interpreter\linkResolver.cpp, line 766]
Event: 13.260 Thread 0x000002064abd83d0 Exception <a 'java/lang/IncompatibleClassChangeError'{0x00000000e2923eb8}: Found class java.lang.Object, but interface was expected> (0x00000000e2923eb8) 
thrown [s\open\src\hotspot\share\interpreter\linkResolver.cpp, line 833]
Event: 13.652 Thread 0x000002064abd83d0 Exception <a 'java/lang/NoSuchMethodError'{0x00000000e29bbbb0}: 'java.lang.Object java.lang.invoke.DirectMethodHandle$Holder.invokeVirtual(java.lang.Object, java.lang.Object, java.lang.Object, java.lang.Object)'> (0x00000000e29bbbb0) 
thrown [s\open\src\hotspot\share\interpreter\linkResolver.cpp, line 766]

VM Operations (20 events):
Event: 7.777 Executing VM operation: G1CollectForAllocation
Event: 7.808 Executing VM operation: G1CollectForAllocation done
Event: 8.272 Executing VM operation: HandshakeAllThreads
Event: 8.272 Executing VM operation: HandshakeAllThreads done
Event: 9.293 Executing VM operation: Cleanup
Event: 9.327 Executing VM operation: Cleanup done
Event: 10.339 Executing VM operation: Cleanup
Event: 10.361 Executing VM operation: Cleanup done
Event: 11.369 Executing VM operation: Cleanup
Event: 11.385 Executing VM operation: Cleanup done
Event: 11.656 Executing VM operation: G1CollectForAllocation
Event: 11.680 Executing VM operation: G1CollectForAllocation done
Event: 12.188 Executing VM operation: HandshakeAllThreads
Event: 12.188 Executing VM operation: HandshakeAllThreads done
Event: 12.464 Executing VM operation: HandshakeAllThreads
Event: 12.480 Executing VM operation: HandshakeAllThreads done
Event: 12.700 Executing VM operation: HandshakeAllThreads
Event: 12.701 Executing VM operation: HandshakeAllThreads done
Event: 12.701 Executing VM operation: Cleanup
Event: 12.701 Executing VM operation: Cleanup done

Events (20 events):
Event: 0.492 Thread 0x0000020645bb6340 Thread added: 0x0000020645bb6340
Event: 0.492 Thread 0x0000020645bb6bf0 Thread added: 0x0000020645bb6bf0
Event: 0.492 Thread 0x0000020645bb74a0 Thread added: 0x0000020645bb74a0
Event: 0.502 Thread 0x0000020645bec970 Thread added: 0x0000020645bec970
Event: 1.148 Thread 0x00000206382d7460 Thread added: 0x00000206382d7460
Event: 1.189 Thread 0x0000020645ca2e00 Thread added: 0x0000020645ca2e00
Event: 1.254 Thread 0x0000020645cce570 Thread added: 0x0000020645cce570
Event: 1.296 Loaded shared library C:\Program Files\Java\jdk-18.0.1.1\bin\jimage.dll
Event: 1.351 Loaded shared library C:\Program Files\Java\jdk-18.0.1.1\bin\net.dll
Event: 1.367 Loaded shared library C:\Program Files\Java\jdk-18.0.1.1\bin\nio.dll
Event: 1.389 Loaded shared library C:\Program Files\Java\jdk-18.0.1.1\bin\zip.dll
Event: 1.745 Loaded shared library C:\Program Files\Java\jdk-18.0.1.1\bin\management.dll
Event: 1.840 Loaded shared library C:\Program Files\Java\jdk-18.0.1.1\bin\management_ext.dll
Event: 3.655 Thread 0x000002064a362b40 Thread added: 0x000002064a362b40
Event: 3.720 Thread 0x000002064a35d030 Thread added: 0x000002064a35d030
Event: 3.834 Thread 0x000002064a360b60 Thread added: 0x000002064a360b60
Event: 4.015 Loaded shared library C:\Program Files\Java\jdk-18.0.1.1\bin\verify.dll
Event: 8.214 Thread 0x000002064abd83d0 Thread added: 0x000002064abd83d0
Event: 8.937 Thread 0x0000020645ca2e00 Thread exited: 0x0000020645ca2e00
Event: 13.557 Thread 0x000002064a8f7060 Thread added: 0x000002064a8f7060


Dynamic libraries:
0x00007ff6a1b30000 - 0x00007ff6a1b40000 	C:\Program Files\Java\jdk-18.0.1.1\bin\javaw.exe
0x00007ff91d670000 - 0x00007ff91d867000 	C:\WINDOWS\SYSTEM32\ntdll.dll
0x00007ff91c200000 - 0x00007ff91c2bd000 	C:\WINDOWS\System32\KERNEL32.DLL
0x00007ff91ad90000 - 0x00007ff91b05d000 	C:\WINDOWS\System32\KERNELBASE.dll
0x00007ff91b300000 - 0x00007ff91b400000 	C:\WINDOWS\System32\ucrtbase.dll
0x00007ff911210000 - 0x00007ff911228000 	C:\Program Files\Java\jdk-18.0.1.1\bin\jli.dll
0x00007ff91ca00000 - 0x00007ff91caae000 	C:\WINDOWS\System32\ADVAPI32.dll
0x00007ff91b780000 - 0x00007ff91b81e000 	C:\WINDOWS\System32\msvcrt.dll
0x00007ff91c2c0000 - 0x00007ff91c35c000 	C:\WINDOWS\System32\sechost.dll
0x00007ff91cda0000 - 0x00007ff91cec5000 	C:\WINDOWS\System32\RPCRT4.dll
0x00007ff8fc240000 - 0x00007ff8fc25a000 	C:\Program Files\Java\jdk-18.0.1.1\bin\VCRUNTIME140.dll
0x00007ff91cae0000 - 0x00007ff91cc80000 	C:\WINDOWS\System32\USER32.dll
0x00007ff91b060000 - 0x00007ff91b082000 	C:\WINDOWS\System32\win32u.dll
0x00007ff91ba80000 - 0x00007ff91baaa000 	C:\WINDOWS\System32\GDI32.dll
0x00007ff91b1f0000 - 0x00007ff91b2fb000 	C:\WINDOWS\System32\gdi32full.dll
0x00007ff91b120000 - 0x00007ff91b1bd000 	C:\WINDOWS\System32\msvcp_win.dll
0x00007ff90cb60000 - 0x00007ff90cdfa000 	C:\WINDOWS\WinSxS\amd64_microsoft.windows.common-controls_6595b64144ccf1df_6.0.19041.1110_none_60b5254171f9507e\COMCTL32.dll
0x00007ff90b680000 - 0x00007ff90b68a000 	C:\WINDOWS\SYSTEM32\VERSION.dll
0x00007ff91cab0000 - 0x00007ff91cae0000 	C:\WINDOWS\System32\IMM32.DLL
0x00007ff910590000 - 0x00007ff91059c000 	C:\Program Files\Java\jdk-18.0.1.1\bin\vcruntime140_1.dll
0x00007ff8f1410000 - 0x00007ff8f149d000 	C:\Program Files\Java\jdk-18.0.1.1\bin\msvcp140.dll
0x00007ff8e0be0000 - 0x00007ff8e17f0000 	C:\Program Files\Java\jdk-18.0.1.1\bin\server\jvm.dll
0x00007ff91ced0000 - 0x00007ff91ced8000 	C:\WINDOWS\System32\PSAPI.DLL
0x00007ff919510000 - 0x00007ff919519000 	C:\WINDOWS\SYSTEM32\WSOCK32.dll
0x00007ff91d490000 - 0x00007ff91d4fb000 	C:\WINDOWS\System32\WS2_32.dll
0x00007ff913750000 - 0x00007ff913777000 	C:\WINDOWS\SYSTEM32\WINMM.dll
0x00007ff919920000 - 0x00007ff919932000 	C:\WINDOWS\SYSTEM32\kernel.appcore.dll
0x00007ff9100e0000 - 0x00007ff9100ea000 	C:\Program Files\Java\jdk-18.0.1.1\bin\jimage.dll
0x00007ff919300000 - 0x00007ff9194e4000 	C:\WINDOWS\SYSTEM32\DBGHELP.DLL
0x00007ff90b3d0000 - 0x00007ff90b3fc000 	C:\WINDOWS\SYSTEM32\dbgcore.DLL
0x00007ff91b090000 - 0x00007ff91b112000 	C:\WINDOWS\System32\bcryptPrimitives.dll
0x00007ff8f7090000 - 0x00007ff8f70b5000 	C:\Program Files\Java\jdk-18.0.1.1\bin\java.dll
0x00007ff8e8350000 - 0x00007ff8e8426000 	C:\Program Files\Java\jdk-18.0.1.1\bin\jsvml.dll
0x00007ff91bab0000 - 0x00007ff91c1f4000 	C:\WINDOWS\System32\SHELL32.dll
0x00007ff918aa0000 - 0x00007ff919234000 	C:\WINDOWS\SYSTEM32\windows.storage.dll
0x00007ff91c360000 - 0x00007ff91c6b4000 	C:\WINDOWS\System32\combase.dll
0x00007ff91a720000 - 0x00007ff91a74c000 	C:\WINDOWS\SYSTEM32\Wldp.dll
0x00007ff91b6d0000 - 0x00007ff91b77d000 	C:\WINDOWS\System32\SHCORE.dll
0x00007ff91c9a0000 - 0x00007ff91c9f5000 	C:\WINDOWS\System32\shlwapi.dll
0x00007ff91acd0000 - 0x00007ff91acef000 	C:\WINDOWS\SYSTEM32\profapi.dll
0x00007ff8fae30000 - 0x00007ff8fae43000 	C:\Program Files\Java\jdk-18.0.1.1\bin\net.dll
0x00007ff90c970000 - 0x00007ff90ca7a000 	C:\WINDOWS\SYSTEM32\WINHTTP.dll
0x00007ff91a480000 - 0x00007ff91a4ea000 	C:\WINDOWS\system32\mswsock.dll
0x00007ff8f9eb0000 - 0x00007ff8f9ec6000 	C:\Program Files\Java\jdk-18.0.1.1\bin\nio.dll
0x00007ff8f7350000 - 0x00007ff8f7368000 	C:\Program Files\Java\jdk-18.0.1.1\bin\zip.dll
0x00007ff913a00000 - 0x00007ff913a09000 	C:\Program Files\Java\jdk-18.0.1.1\bin\management.dll
0x00007ff9100f0000 - 0x00007ff9100fb000 	C:\Program Files\Java\jdk-18.0.1.1\bin\management_ext.dll
0x00007ff9076f0000 - 0x00007ff907707000 	C:\WINDOWS\system32\napinsp.dll
0x00007ff907710000 - 0x00007ff90772b000 	C:\WINDOWS\system32\pnrpnsp.dll
0x00007ff8fcb60000 - 0x00007ff8fcb75000 	C:\WINDOWS\system32\wshbth.dll
0x00007ff915d50000 - 0x00007ff915d6d000 	C:\WINDOWS\system32\NLAapi.dll
0x00007ff91a170000 - 0x00007ff91a1ab000 	C:\WINDOWS\SYSTEM32\IPHLPAPI.DLL
0x00007ff91a1b0000 - 0x00007ff91a27b000 	C:\WINDOWS\SYSTEM32\DNSAPI.dll
0x00007ff91cca0000 - 0x00007ff91cca8000 	C:\WINDOWS\System32\NSI.dll
0x00007ff907730000 - 0x00007ff907742000 	C:\WINDOWS\System32\winrnr.dll
0x00007ff908ba0000 - 0x00007ff908baa000 	C:\Windows\System32\rasadhlp.dll
0x00007ff90a060000 - 0x00007ff90a0e0000 	C:\WINDOWS\System32\fwpuclnt.dll
0x00007ff91b1c0000 - 0x00007ff91b1e7000 	C:\WINDOWS\System32\bcrypt.dll
0x00007ff91a670000 - 0x00007ff91a688000 	C:\WINDOWS\SYSTEM32\CRYPTSP.dll
0x00007ff919e00000 - 0x00007ff919e34000 	C:\WINDOWS\system32\rsaenh.dll
0x00007ff91ac50000 - 0x00007ff91ac7e000 	C:\WINDOWS\SYSTEM32\USERENV.dll
0x00007ff91a690000 - 0x00007ff91a69c000 	C:\WINDOWS\SYSTEM32\CRYPTBASE.dll
0x00007ff90ffc0000 - 0x00007ff90ffd7000 	C:\WINDOWS\SYSTEM32\dhcpcsvc6.DLL
0x00007ff910790000 - 0x00007ff9107ad000 	C:\WINDOWS\SYSTEM32\dhcpcsvc.DLL
0x00007ff90ff00000 - 0x00007ff90ff10000 	C:\Program Files\Java\jdk-18.0.1.1\bin\verify.dll

dbghelp: loaded successfully - version: 4.0.5 - missing functions: none
symbol engine: initialized successfully - sym options: 0x614 - pdb path: .;C:\Program Files\Java\jdk-18.0.1.1\bin;C:\WINDOWS\SYSTEM32;C:\WINDOWS\WinSxS\amd64_microsoft.windows.common-controls_6595b64144ccf1df_6.0.19041.1110_none_60b5254171f9507e;C:\Program Files\Java\jdk-18.0.1.1\bin\server

VM Arguments:
jvm_args: -Dcom.sun.management.jmxremote -Dcom.sun.management.jmxremote.port=52198 -Dcom.sun.management.jmxremote.authenticate=false -Dcom.sun.management.jmxremote.ssl=false -Djava.rmi.server.hostname=localhost -Dspring.jmx.enabled=true -Dspring.liveBeansView.mbeanDomain -Dspring.application.admin.enabled=true -XX:TieredStopAtLevel=1 -Dspring.boot.project.name=demo-2 -Dfile.encoding=UTF-8 -XX:+ShowCodeDetailsInExceptionMessages 
java_command: com.example.demo.Demo2Application --spring.output.ansi.enabled=always
java_class_path (initial): C:\Users\user\Desktop\spring\demo-2\bin\main;C:\Users\user\.gradle\caches\modules-2\files-2.1\org.springframework.boot\spring-boot-starter-thymeleaf\2.7.1\76b36fc78c80ca34832b670e6551845a0c76ce44\spring-boot-starter-thymeleaf-2.7.1.jar;C:\Users\user\.gradle\caches\modules-2\files-2.1\org.springframework.boot\spring-boot-starter-web\2.7.1\29f47f503f9955b1a9746870aeaebdba448416d\spring-boot-starter-web-2.7.1.jar;C:\Users\user\.gradle\caches\modules-2\files-2.1\org.springframework.boot\spring-boot-starter-json\2.7.1\711889df8474d7f0271b1e25cd75a9249e0a4621\spring-boot-starter-json-2.7.1.jar;C:\Users\user\.gradle\caches\modules-2\files-2.1\org.springframework.boot\spring-boot-starter\2.7.1\48f7e04459ccc16d3532bfc486c1b6d629e6e0fc\spring-boot-starter-2.7.1.jar;C:\Users\user\.gradle\caches\modules-2\files-2.1\org.thymeleaf\thymeleaf-spring5\3.0.15.RELEASE\7170e1bcd1588d38c139f7048ebcc262676441c3\thymeleaf-spring5-3.0.15.RELEASE.jar;C:\Users\user\.gradle\caches\modules-2\files-2.1\org.thymeleaf.extras\thymeleaf-extras-java8time\3.0.4.RELEASE\36e7175ddce36c486fff4578b5af7bb32f54f5df\thymeleaf-extras-java8time-3.0.4.RELEASE.jar;C:\Users\user\.gradle\caches\modules-2\files-2.1\org.springframework.boot\spring-boot-starter-tomcat\2.7.1\c99fe94b685f1707907afb84ecb998ac13271ead\spring-boot-starter-tomcat-2.7.1.jar;C:\Users\user\.gradle\caches\modules-2\files-2.1\org.springframework\spring-webmvc\5.3.21\a62db425cc29c48e138846e706ca37acb138ca13\spring-webmvc-5.3.21.jar;C:\Users\user\.gradle\caches\modules-2\files-2.1\org.springframework\spring-web\5.3.21\317aadd37f70ba34ff93d068343e3110b5dcf2f\spring-web-5.3.21.jar;C:\Users\user\.gradle\caches\modules-2\files-2.1\org.springframework.boot\spring-boot-autoconfigure\2.7.1\923ad789b004e8cc17d67853b1e4d3db11946f0\spring-boot-autoconfigure-2.7.1.jar;C:\Users\user\.gradle\caches\modules-2\files-2.1\org.springframework.boot\spring-boot\2.7.1\8e49b8e7e9ea470a7772f489532264732ab206a2\spring-boot-2.7.1.jar;C:\Users\user\.gradle\caches\modules-2\files-2.1\org.springframework.boot\spring-boot-starter-logging\2.7.1\461cf82dc10505f47d3ce2146bd01721177cde4a\spring-boot-starter-logging-2.7.1.jar;C:\Users\user\.gradle\caches\modules-2\files-2.1\jakarta.annotation\jakarta.annotation-api\1.3.5\59eb84ee0d616332ff44aba065f3888cf002cd2d\jakarta.annotation-api-1.3.5.jar;C:\Users\user\.gradle\caches\modules-2\files-2.1\org.springframework\spring-context\5.3.21\fe371c85f02b8c6690fc3b3d0950ef4f965db0cd\spring-context-5.3.21.jar;C:\Users\user\.gradle\caches\modules-2\files-2.1\org.springframework\spring-expression\5.3.21\ca8c5822fc528066ec717f1e74160a1575c43192\spring-expression-5.3.21.jar;C:\Users\user\.gradle\caches\modules-2\files-2.1\org.springframework\spring-aop\5.3.21\58ec4ff7a0ce30a1e2612f04ad0fb13ea806705\spring-aop-5.3.21.jar;C:\Users\user\.gradle\caches\modules-2\files-2.1\org.springframework\spring-beans\5.3.21\e3eae7e6d211381642a0b7507a5215e3ac1b32e1\spring-beans-5.3.21.jar;C:\Users\user\.gradle\caches\modules-2\files-2.1\org.springframework\spring-core\5.3.21\1b0c9be6b972e4c615f175c70fc32e80557e68e8\spring-core-5.3.21.jar;C:\Users\user\.gradle\caches\modules-2\files-2.1\org.yaml\snakeyaml\1.30\8fde7fe2586328ac3c68db92045e1c8759125000\snakeyaml-1.30.jar;C:\Users\user\.gradle\caches\modules-2\files-2.1\org.thymeleaf\thymeleaf\3.0.15.RELEASE\13e3296a03d8a597b734d832ed8656139bf9cdd8\thymeleaf-3.0.15.RELEASE.jar;C:\Users\user\.gradle\caches\modules-2\files-2.1\ch.qos.logback\logback-classic\1.2.11\4741689214e9d1e8408b206506cbe76d1c6a7d60\logback-classic-1.2.11.jar;C:\Users\user\.gradle\caches\modules-2\files-2.1\org.apache.logging.log4j\log4j-to-slf4j\2.17.2\17dd0fae2747d9a28c67bc9534108823d2376b46\log4j-to-slf4j-2.17.2.jar;C:\Users\user\.gradle\caches\modules-2\files-2.1\org.slf4j\jul-to-slf4j\1.7.36\ed46d81cef9c412a88caef405b58f93a678ff2ca\jul-to-slf4j-1.7.36.jar;C:\Users\user\.gradle\caches\modules-2\files-2.1\org.slf4j\slf4j-api\1.7.36\6c62681a2f655b49963a5983b8b0950a6120ae14\slf4j-api-1.7.36.jar;C:\Users\user\.gradle\caches\modules-2\files-2.1\com.fasterxml.jackson.datatype\jackson-datatype-jsr310\2.13.3\ad2f4c61aeb9e2a8bb5e4a3ed782cfddec52d972\jackson-datatype-jsr310-2.13.3.jar;C:\Users\user\.gradle\caches\modules-2\files-2.1\com.fasterxml.jackson.module\jackson-module-parameter-names\2.13.3\f71c4ecc1a403787c963f68bc619b78ce1d2687b\jackson-module-parameter-names-2.13.3.jar;C:\Users\user\.gradle\caches\modules-2\files-2.1\com.fasterxml.jackson.core\jackson-annotations\2.13.3\7198b3aac15285a49e218e08441c5f70af00fc51\jackson-annotations-2.13.3.jar;C:\Users\user\.gradle\caches\modules-2\files-2.1\com.fasterxml.jackson.core\jackson-core\2.13.3\a27014716e4421684416e5fa83d896ddb87002da\jackson-core-2.13.3.jar;C:\Users\user\.gradle\caches\modules-2\files-2.1\com.fasterxml.jackson.datatype\jackson-datatype-jdk8\2.13.3\d4884595d5aab5babdb00ddbd693b8fd36b5ec3c\jackson-datatype-jdk8-2.13.3.jar;C:\Users\user\.gradle\caches\modules-2\files-2.1\com.fasterxml.jackson.core\jackson-databind\2.13.3\56deb9ea2c93a7a556b3afbedd616d342963464e\jackson-databind-2.13.3.jar;C:\Users\user\.gradle\caches\modules-2\files-2.1\org.apache.tomcat.embed\tomcat-embed-websocket\9.0.64\2a5e4f1f04830f2bfd01108ddc59a451c4baef34\tomcat-embed-websocket-9.0.64.jar;C:\Users\user\.gradle\caches\modules-2\files-2.1\org.apache.tomcat.embed\tomcat-embed-core\9.0.64\2d91a06d1b93ba13a2cca9e9ea7c143a64037351\tomcat-embed-core-9.0.64.jar;C:\Users\user\.gradle\caches\modules-2\files-2.1\org.apache.tomcat.embed\tomcat-embed-el\9.0.64\227363669235feab54519102af723a54d1a7850e\tomcat-embed-el-9.0.64.jar;C:\Users\user\.gradle\caches\modules-2\files-2.1\org.springframework\spring-jcl\5.3.21\b41a2888c0e708f9fd12cf9cc0c29cebbcab2e5e\spring-jcl-5.3.21.jar;C:\Users\user\.gradle\caches\modules-2\files-2.1\org.attoparser\attoparser\2.0.5.RELEASE\a93ad36df9560de3a5312c1d14f69d938099fa64\attoparser-2.0.5.RELEASE.jar;C:\Users\user\.gradle\caches\modules-2\files-2.1\org.unbescape\unbescape\1.1.6.RELEASE\7b90360afb2b860e09e8347112800d12c12b2a13\unbescape-1.1.6.RELEASE.jar;C:\Users\user\.gradle\caches\modules-2\files-2.1\ch.qos.logback\logback-core\1.2.11\a01230df5ca5c34540cdaa3ad5efb012f1f1f792\logback-core-1.2.11.jar;C:\Users\user\.gradle\caches\modules-2\files-2.1\org.apache.logging.log4j\log4j-api\2.17.2\f42d6afa111b4dec5d2aea0fe2197240749a4ea6\log4j-api-2.17.2.jar
Launcher Type: SUN_STANDARD

[Global flags]
     intx CICompilerCount                          = 2                                         {product} {ergonomic}
     uint ConcGCThreads                            = 1                                         {product} {ergonomic}
     uint G1ConcRefinementThreads                  = 2                                         {product} {ergonomic}
   size_t G1HeapRegionSize                         = 1048576                                   {product} {ergonomic}
    uintx GCDrainStackTargetSize                   = 64                                        {product} {ergonomic}
   size_t InitialHeapSize                          = 33554432                                  {product} {ergonomic}
     bool ManagementServer                         = true                                      {product} {command line}
   size_t MarkStackSize                            = 4194304                                   {product} {ergonomic}
   size_t MaxHeapSize                              = 513802240                                 {product} {ergonomic}
   size_t MaxNewSize                               = 308281344                                 {product} {ergonomic}
   size_t MinHeapDeltaBytes                        = 1048576                                   {product} {ergonomic}
   size_t MinHeapSize                              = 8388608                                   {product} {ergonomic}
    uintx NonProfiledCodeHeapSize                  = 0                                      {pd product} {ergonomic}
     bool ProfileInterpreter                       = false                                  {pd product} {command line}
    uintx ProfiledCodeHeapSize                     = 0                                      {pd product} {ergonomic}
     bool ShowCodeDetailsInExceptionMessages       = true                                   {manageable} {command line}
   size_t SoftMaxHeapSize                          = 513802240                              {manageable} {ergonomic}
     intx TieredStopAtLevel                        = 1                                         {product} {command line}
     bool UseCompressedClassPointers               = true                           {product lp64_product} {ergonomic}
     bool UseCompressedOops                        = true                           {product lp64_product} {ergonomic}
     bool UseG1GC                                  = true                                      {product} {ergonomic}
     bool UseLargePagesIndividualAllocation        = false                                  {pd product} {ergonomic}

Logging:
Log output configuration:
 #0: stdout all=warning uptime,level,tags foldmultilines=false
 #1: stderr all=off uptime,level,tags foldmultilines=false

Environment Variables:
PATH=C:\Program Files\Common Files\Oracle\Java\javapath;C:\Program Files (x86)\Intel\TXE Components\TCS\;C:\Program Files\Intel\TXE Components\TCS\;C:\WINDOWS\system32;C:\WINDOWS;C:\WINDOWS\System32\Wbem;C:\WINDOWS\System32\WindowsPowerShell\v1.0\;C:\Program Files\Intel\TXE Components\DAL\;C:\Program Files (x86)\Intel\TXE Components\DAL\;C:\Program Files\Intel\TXE Components\IPT\;C:\Program Files (x86)\Intel\TXE Components\IPT\;C:\WINDOWS\System32\OpenSSH\;C:\Program Files\Git\cmd;C:\xampp\mysql\bin;C:\Users\user\AppData\Local\Microsoft\WindowsApps;;C:\Users\user\AppData\Local\Programs\Microsoft VS Code\bin;C:\Users\user\AppData\Local\Programs\Microsoft VS Code Insiders\bin
USERNAME=user
OS=Windows_NT
PROCESSOR_IDENTIFIER=Intel64 Family 6 Model 76 Stepping 3, GenuineIntel



---------------  S Y S T E M  ---------------

OS:
 Windows 10 , 64 bit Build 19041 (10.0.19041.1741)
OS uptime: 3 days 23:30 hours

CPU: total 2 (initial active 2) (2 cores per cpu, 1 threads per core) family 6 model 76 stepping 3 microcode 0x368, cx8, cmov, fxsr, mmx, 3dnowpref, sse, sse2, sse3, ssse3, sse4.1, sse4.2, popcnt, tsc, tscinvbit, aes, erms, clmul, clflush

Memory: 4k page, system-wide physical 1954M (282M free)
TotalPageFile size 6050M (AvailPageFile size 3M)
current process WorkingSet (physical memory assigned to process): 77M, peak: 77M
current process commit charge ("private bytes"): 118M, peak: 118M

vm_info: Java HotSpot(TM) 64-Bit Server VM (18.0.1.1+2-6) for windows-amd64 JRE (18.0.1.1+2-6), built on Apr 25 2022 21:53:15 by "mach5one" with MS VC++ 16.8 / 16.9 (VS2019)

END.
